INFO - 2024-01-27 07:33:34 --> Session: Class initialized using 'CodeIgniter\Session\Handlers\FileHandler' driver.
INFO - 2024-01-27 07:33:55 --> Session: Class initialized using 'CodeIgniter\Session\Handlers\FileHandler' driver.
INFO - 2024-01-27 07:36:05 --> Session: Class initialized using 'CodeIgniter\Session\Handlers\FileHandler' driver.
INFO - 2024-01-27 07:36:33 --> Session: Class initialized using 'CodeIgniter\Session\Handlers\FileHandler' driver.
INFO - 2024-01-27 07:48:00 --> Session: Class initialized using 'CodeIgniter\Session\Handlers\FileHandler' driver.
CRITICAL - 2024-01-27 07:48:03 --> Class "App\Models\ModelMobil" not found
in APPPATH\Controllers\Mobil.php on line 11.
 1 SYSTEMPATH\CodeIgniter.php(919): App\Controllers\Mobil->index()
 2 SYSTEMPATH\CodeIgniter.php(494): CodeIgniter\CodeIgniter->runController(Object(App\Controllers\Mobil))
 3 SYSTEMPATH\CodeIgniter.php(353): CodeIgniter\CodeIgniter->handleRequest(null, Object(Config\Cache), false)
 4 FCPATH\index.php(79): CodeIgniter\CodeIgniter->run()
 5 SYSTEMPATH\Commands\Server\rewrite.php(47): require_once('C:\\Users\\Windows 10\\Documents\\SEMESTER-5\\prjwebRetalMobil\\public\\index.php')
CRITICAL - 2024-01-27 07:49:27 --> You must set the database table to be used with your query.
in SYSTEMPATH\Database\BaseConnection.php on line 883.
 1 SYSTEMPATH\Model.php(635): CodeIgniter\Database\BaseConnection->table(null)
 2 SYSTEMPATH\Model.php(863): CodeIgniter\Model->builder()
 3 APPPATH\Controllers\Mobil.php(12): CodeIgniter\Model->__call('getTarifMobil', [])
 4 SYSTEMPATH\CodeIgniter.php(919): App\Controllers\Mobil->index()
 5 SYSTEMPATH\CodeIgniter.php(494): CodeIgniter\CodeIgniter->runController(Object(App\Controllers\Mobil))
 6 SYSTEMPATH\CodeIgniter.php(353): CodeIgniter\CodeIgniter->handleRequest(null, Object(Config\Cache), false)
 7 FCPATH\index.php(79): CodeIgniter\CodeIgniter->run()
 8 SYSTEMPATH\Commands\Server\rewrite.php(47): require_once('C:\\Users\\Windows 10\\Documents\\SEMESTER-5\\prjwebRetalMobil\\public\\index.php')
INFO - 2024-01-27 07:49:57 --> Session: Class initialized using 'CodeIgniter\Session\Handlers\FileHandler' driver.
INFO - 2024-01-27 07:51:06 --> Session: Class initialized using 'CodeIgniter\Session\Handlers\FileHandler' driver.
INFO - 2024-01-27 07:51:12 --> Session: Class initialized using 'CodeIgniter\Session\Handlers\FileHandler' driver.
INFO - 2024-01-27 07:53:38 --> Session: Class initialized using 'CodeIgniter\Session\Handlers\FileHandler' driver.
INFO - 2024-01-27 07:54:10 --> Session: Class initialized using 'CodeIgniter\Session\Handlers\FileHandler' driver.
INFO - 2024-01-27 07:54:42 --> Session: Class initialized using 'CodeIgniter\Session\Handlers\FileHandler' driver.
INFO - 2024-01-27 07:56:23 --> Session: Class initialized using 'CodeIgniter\Session\Handlers\FileHandler' driver.
INFO - 2024-01-27 07:56:31 --> Session: Class initialized using 'CodeIgniter\Session\Handlers\FileHandler' driver.
INFO - 2024-01-27 08:01:22 --> Session: Class initialized using 'CodeIgniter\Session\Handlers\FileHandler' driver.
INFO - 2024-01-27 08:01:33 --> Session: Class initialized using 'CodeIgniter\Session\Handlers\FileHandler' driver.
INFO - 2024-01-27 08:01:59 --> Session: Class initialized using 'CodeIgniter\Session\Handlers\FileHandler' driver.
INFO - 2024-01-27 08:10:19 --> Session: Class initialized using 'CodeIgniter\Session\Handlers\FileHandler' driver.
CRITICAL - 2024-01-27 08:11:25 --> Undefined array key "id"
in APPPATH\Views\mobil\v_mobil1.php on line 63.
 1 APPPATH\Views\mobil\v_mobil1.php(63): CodeIgniter\Debug\Exceptions->errorHandler(2, 'Undefined array key "id"', 'C:\\Users\\Windows 10\\Documents\\SEMESTER-5\\prjwebRetalMobil\\app\\Views\\mobil\\v_mobil1.php', 63)
 2 SYSTEMPATH\View\View.php(226): include('C:\\Users\\Windows 10\\Documents\\SEMESTER-5\\prjwebRetalMobil\\app\\Views\\mobil\\v_mobil1.php')
 3 SYSTEMPATH\View\View.php(229): CodeIgniter\View\View->CodeIgniter\View\{closure}()
 4 SYSTEMPATH\Common.php(1188): CodeIgniter\View\View->render('mobil/v_mobil1', [], true)
 5 APPPATH\Controllers\Mobil.php(13): view('mobil/v_mobil1', [...])
 6 SYSTEMPATH\CodeIgniter.php(919): App\Controllers\Mobil->index()
 7 SYSTEMPATH\CodeIgniter.php(494): CodeIgniter\CodeIgniter->runController(Object(App\Controllers\Mobil))
 8 SYSTEMPATH\CodeIgniter.php(353): CodeIgniter\CodeIgniter->handleRequest(null, Object(Config\Cache), false)
 9 FCPATH\index.php(79): CodeIgniter\CodeIgniter->run()
10 SYSTEMPATH\Commands\Server\rewrite.php(47): require_once('C:\\Users\\Windows 10\\Documents\\SEMESTER-5\\prjwebRetalMobil\\public\\index.php')
INFO - 2024-01-27 08:14:29 --> Session: Class initialized using 'CodeIgniter\Session\Handlers\FileHandler' driver.
CRITICAL - 2024-01-27 08:14:42 --> Class "App\Controllers\ModelPelanggan" not found
in APPPATH\Controllers\Mobil.php on line 53.
 1 SYSTEMPATH\CodeIgniter.php(919): App\Controllers\Mobil->update()
 2 SYSTEMPATH\CodeIgniter.php(494): CodeIgniter\CodeIgniter->runController(Object(App\Controllers\Mobil))
 3 SYSTEMPATH\CodeIgniter.php(353): CodeIgniter\CodeIgniter->handleRequest(null, Object(Config\Cache), false)
 4 FCPATH\index.php(79): CodeIgniter\CodeIgniter->run()
 5 SYSTEMPATH\Commands\Server\rewrite.php(47): require_once('C:\\Users\\Windows 10\\Documents\\SEMESTER-5\\prjwebRetalMobil\\public\\index.php')
INFO - 2024-01-27 08:18:36 --> Session: Class initialized using 'CodeIgniter\Session\Handlers\FileHandler' driver.
INFO - 2024-01-27 08:18:53 --> Session: Class initialized using 'CodeIgniter\Session\Handlers\FileHandler' driver.
INFO - 2024-01-27 08:19:05 --> Session: Class initialized using 'CodeIgniter\Session\Handlers\FileHandler' driver.
INFO - 2024-01-27 08:19:18 --> Session: Class initialized using 'CodeIgniter\Session\Handlers\FileHandler' driver.
INFO - 2024-01-27 08:19:26 --> Session: Class initialized using 'CodeIgniter\Session\Handlers\FileHandler' driver.
INFO - 2024-01-27 08:22:18 --> Session: Class initialized using 'CodeIgniter\Session\Handlers\FileHandler' driver.
INFO - 2024-01-27 08:22:26 --> Session: Class initialized using 'CodeIgniter\Session\Handlers\FileHandler' driver.
INFO - 2024-01-27 08:23:06 --> Session: Class initialized using 'CodeIgniter\Session\Handlers\FileHandler' driver.
INFO - 2024-01-27 08:23:16 --> Session: Class initialized using 'CodeIgniter\Session\Handlers\FileHandler' driver.
INFO - 2024-01-27 08:25:13 --> Session: Class initialized using 'CodeIgniter\Session\Handlers\FileHandler' driver.
INFO - 2024-01-27 08:25:20 --> Session: Class initialized using 'CodeIgniter\Session\Handlers\FileHandler' driver.
INFO - 2024-01-27 08:29:34 --> Session: Class initialized using 'CodeIgniter\Session\Handlers\FileHandler' driver.
INFO - 2024-01-27 08:29:44 --> Session: Class initialized using 'CodeIgniter\Session\Handlers\FileHandler' driver.
INFO - 2024-01-27 08:30:13 --> Session: Class initialized using 'CodeIgniter\Session\Handlers\FileHandler' driver.
INFO - 2024-01-27 08:31:01 --> Session: Class initialized using 'CodeIgniter\Session\Handlers\FileHandler' driver.
INFO - 2024-01-27 08:31:11 --> Session: Class initialized using 'CodeIgniter\Session\Handlers\FileHandler' driver.
INFO - 2024-01-27 08:31:57 --> Session: Class initialized using 'CodeIgniter\Session\Handlers\FileHandler' driver.
INFO - 2024-01-27 08:33:08 --> Session: Class initialized using 'CodeIgniter\Session\Handlers\FileHandler' driver.
INFO - 2024-01-27 08:33:17 --> Session: Class initialized using 'CodeIgniter\Session\Handlers\FileHandler' driver.
INFO - 2024-01-27 08:33:41 --> Session: Class initialized using 'CodeIgniter\Session\Handlers\FileHandler' driver.
INFO - 2024-01-27 08:34:28 --> Session: Class initialized using 'CodeIgniter\Session\Handlers\FileHandler' driver.
INFO - 2024-01-27 08:40:11 --> Session: Class initialized using 'CodeIgniter\Session\Handlers\FileHandler' driver.
INFO - 2024-01-27 08:40:40 --> Session: Class initialized using 'CodeIgniter\Session\Handlers\FileHandler' driver.
INFO - 2024-01-27 08:46:15 --> Session: Class initialized using 'CodeIgniter\Session\Handlers\FileHandler' driver.
CRITICAL - 2024-01-27 08:46:19 --> Class "App\Models\ModelPeminjaman" not found
in APPPATH\Controllers\Peminjaman.php on line 11.
 1 SYSTEMPATH\CodeIgniter.php(919): App\Controllers\Peminjaman->index()
 2 SYSTEMPATH\CodeIgniter.php(494): CodeIgniter\CodeIgniter->runController(Object(App\Controllers\Peminjaman))
 3 SYSTEMPATH\CodeIgniter.php(353): CodeIgniter\CodeIgniter->handleRequest(null, Object(Config\Cache), false)
 4 FCPATH\index.php(79): CodeIgniter\CodeIgniter->run()
 5 SYSTEMPATH\Commands\Server\rewrite.php(47): require_once('C:\\Users\\Windows 10\\Documents\\SEMESTER-5\\prjwebRetalMobil\\public\\index.php')
ERROR - 2024-01-27 08:51:54 --> mysqli_sql_exception: Unknown column 'idpelanggan' in 'on clause' in C:\Users\Windows 10\Documents\SEMESTER-5\prjwebRetalMobil\system\Database\MySQLi\Connection.php:306
Stack trace:
#0 C:\Users\Windows 10\Documents\SEMESTER-5\prjwebRetalMobil\system\Database\MySQLi\Connection.php(306): mysqli->query('SELECT *\nFROM `...', 0)
#1 C:\Users\Windows 10\Documents\SEMESTER-5\prjwebRetalMobil\system\Database\BaseConnection.php(692): CodeIgniter\Database\MySQLi\Connection->execute('SELECT *\nFROM `...')
#2 C:\Users\Windows 10\Documents\SEMESTER-5\prjwebRetalMobil\system\Database\BaseConnection.php(606): CodeIgniter\Database\BaseConnection->simpleQuery('SELECT *\nFROM `...')
#3 C:\Users\Windows 10\Documents\SEMESTER-5\prjwebRetalMobil\system\Database\BaseBuilder.php(1615): CodeIgniter\Database\BaseConnection->query('SELECT *\nFROM `...', Array, false)
#4 C:\Users\Windows 10\Documents\SEMESTER-5\prjwebRetalMobil\app\Models\ModelPeminjaman.php(14): CodeIgniter\Database\BaseBuilder->get()
#5 C:\Users\Windows 10\Documents\SEMESTER-5\prjwebRetalMobil\app\Controllers\Peminjaman.php(12): App\Models\ModelPeminjaman->getPeminjaman()
#6 C:\Users\Windows 10\Documents\SEMESTER-5\prjwebRetalMobil\system\CodeIgniter.php(919): App\Controllers\Peminjaman->index()
#7 C:\Users\Windows 10\Documents\SEMESTER-5\prjwebRetalMobil\system\CodeIgniter.php(494): CodeIgniter\CodeIgniter->runController(Object(App\Controllers\Peminjaman))
#8 C:\Users\Windows 10\Documents\SEMESTER-5\prjwebRetalMobil\system\CodeIgniter.php(353): CodeIgniter\CodeIgniter->handleRequest(NULL, Object(Config\Cache), false)
#9 C:\Users\Windows 10\Documents\SEMESTER-5\prjwebRetalMobil\public\index.php(79): CodeIgniter\CodeIgniter->run()
#10 C:\Users\Windows 10\Documents\SEMESTER-5\prjwebRetalMobil\system\Commands\Server\rewrite.php(47): require_once('C:\\Users\\Window...')
#11 {main}
CRITICAL - 2024-01-27 08:51:54 --> Unknown column 'idpelanggan' in 'on clause'
in SYSTEMPATH\Database\BaseConnection.php on line 646.
 1 SYSTEMPATH\Database\BaseBuilder.php(1615): CodeIgniter\Database\BaseConnection->query('SELECT *
FROM `tbl_peminjaman`
JOIN `tbl_pelanggan` ON `idpelanggan`=`id`
JOIN `tbl_mobil` ON `id_mobil`=`id_mobil`', [], false)
 2 APPPATH\Models\ModelPeminjaman.php(14): CodeIgniter\Database\BaseBuilder->get()
 3 APPPATH\Controllers\Peminjaman.php(12): App\Models\ModelPeminjaman->getPeminjaman()
 4 SYSTEMPATH\CodeIgniter.php(919): App\Controllers\Peminjaman->index()
 5 SYSTEMPATH\CodeIgniter.php(494): CodeIgniter\CodeIgniter->runController(Object(App\Controllers\Peminjaman))
 6 SYSTEMPATH\CodeIgniter.php(353): CodeIgniter\CodeIgniter->handleRequest(null, Object(Config\Cache), false)
 7 FCPATH\index.php(79): CodeIgniter\CodeIgniter->run()
 8 SYSTEMPATH\Commands\Server\rewrite.php(47): require_once('C:\\Users\\Windows 10\\Documents\\SEMESTER-5\\prjwebRetalMobil\\public\\index.php')
ERROR - 2024-01-27 08:52:43 --> mysqli_sql_exception: Column 'id_mobil' in on clause is ambiguous in C:\Users\Windows 10\Documents\SEMESTER-5\prjwebRetalMobil\system\Database\MySQLi\Connection.php:306
Stack trace:
#0 C:\Users\Windows 10\Documents\SEMESTER-5\prjwebRetalMobil\system\Database\MySQLi\Connection.php(306): mysqli->query('SELECT *\nFROM `...', 0)
#1 C:\Users\Windows 10\Documents\SEMESTER-5\prjwebRetalMobil\system\Database\BaseConnection.php(692): CodeIgniter\Database\MySQLi\Connection->execute('SELECT *\nFROM `...')
#2 C:\Users\Windows 10\Documents\SEMESTER-5\prjwebRetalMobil\system\Database\BaseConnection.php(606): CodeIgniter\Database\BaseConnection->simpleQuery('SELECT *\nFROM `...')
#3 C:\Users\Windows 10\Documents\SEMESTER-5\prjwebRetalMobil\system\Database\BaseBuilder.php(1615): CodeIgniter\Database\BaseConnection->query('SELECT *\nFROM `...', Array, false)
#4 C:\Users\Windows 10\Documents\SEMESTER-5\prjwebRetalMobil\app\Models\ModelPeminjaman.php(14): CodeIgniter\Database\BaseBuilder->get()
#5 C:\Users\Windows 10\Documents\SEMESTER-5\prjwebRetalMobil\app\Controllers\Peminjaman.php(12): App\Models\ModelPeminjaman->getPeminjaman()
#6 C:\Users\Windows 10\Documents\SEMESTER-5\prjwebRetalMobil\system\CodeIgniter.php(919): App\Controllers\Peminjaman->index()
#7 C:\Users\Windows 10\Documents\SEMESTER-5\prjwebRetalMobil\system\CodeIgniter.php(494): CodeIgniter\CodeIgniter->runController(Object(App\Controllers\Peminjaman))
#8 C:\Users\Windows 10\Documents\SEMESTER-5\prjwebRetalMobil\system\CodeIgniter.php(353): CodeIgniter\CodeIgniter->handleRequest(NULL, Object(Config\Cache), false)
#9 C:\Users\Windows 10\Documents\SEMESTER-5\prjwebRetalMobil\public\index.php(79): CodeIgniter\CodeIgniter->run()
#10 C:\Users\Windows 10\Documents\SEMESTER-5\prjwebRetalMobil\system\Commands\Server\rewrite.php(47): require_once('C:\\Users\\Window...')
#11 {main}
CRITICAL - 2024-01-27 08:52:43 --> Column 'id_mobil' in on clause is ambiguous
in SYSTEMPATH\Database\BaseConnection.php on line 646.
 1 SYSTEMPATH\Database\BaseBuilder.php(1615): CodeIgniter\Database\BaseConnection->query('SELECT *
FROM `tbl_peminjaman`
JOIN `tbl_pelanggan` ON `id_pelanggan`=`id`
JOIN `tbl_mobil` ON `id_mobil`=`id_mobil`', [], false)
 2 APPPATH\Models\ModelPeminjaman.php(14): CodeIgniter\Database\BaseBuilder->get()
 3 APPPATH\Controllers\Peminjaman.php(12): App\Models\ModelPeminjaman->getPeminjaman()
 4 SYSTEMPATH\CodeIgniter.php(919): App\Controllers\Peminjaman->index()
 5 SYSTEMPATH\CodeIgniter.php(494): CodeIgniter\CodeIgniter->runController(Object(App\Controllers\Peminjaman))
 6 SYSTEMPATH\CodeIgniter.php(353): CodeIgniter\CodeIgniter->handleRequest(null, Object(Config\Cache), false)
 7 FCPATH\index.php(79): CodeIgniter\CodeIgniter->run()
 8 SYSTEMPATH\Commands\Server\rewrite.php(47): require_once('C:\\Users\\Windows 10\\Documents\\SEMESTER-5\\prjwebRetalMobil\\public\\index.php')
ERROR - 2024-01-27 08:53:20 --> mysqli_sql_exception: Unknown column 'id_mobil1' in 'on clause' in C:\Users\Windows 10\Documents\SEMESTER-5\prjwebRetalMobil\system\Database\MySQLi\Connection.php:306
Stack trace:
#0 C:\Users\Windows 10\Documents\SEMESTER-5\prjwebRetalMobil\system\Database\MySQLi\Connection.php(306): mysqli->query('SELECT *\nFROM `...', 0)
#1 C:\Users\Windows 10\Documents\SEMESTER-5\prjwebRetalMobil\system\Database\BaseConnection.php(692): CodeIgniter\Database\MySQLi\Connection->execute('SELECT *\nFROM `...')
#2 C:\Users\Windows 10\Documents\SEMESTER-5\prjwebRetalMobil\system\Database\BaseConnection.php(606): CodeIgniter\Database\BaseConnection->simpleQuery('SELECT *\nFROM `...')
#3 C:\Users\Windows 10\Documents\SEMESTER-5\prjwebRetalMobil\system\Database\BaseBuilder.php(1615): CodeIgniter\Database\BaseConnection->query('SELECT *\nFROM `...', Array, false)
#4 C:\Users\Windows 10\Documents\SEMESTER-5\prjwebRetalMobil\app\Models\ModelPeminjaman.php(14): CodeIgniter\Database\BaseBuilder->get()
#5 C:\Users\Windows 10\Documents\SEMESTER-5\prjwebRetalMobil\app\Controllers\Peminjaman.php(12): App\Models\ModelPeminjaman->getPeminjaman()
#6 C:\Users\Windows 10\Documents\SEMESTER-5\prjwebRetalMobil\system\CodeIgniter.php(919): App\Controllers\Peminjaman->index()
#7 C:\Users\Windows 10\Documents\SEMESTER-5\prjwebRetalMobil\system\CodeIgniter.php(494): CodeIgniter\CodeIgniter->runController(Object(App\Controllers\Peminjaman))
#8 C:\Users\Windows 10\Documents\SEMESTER-5\prjwebRetalMobil\system\CodeIgniter.php(353): CodeIgniter\CodeIgniter->handleRequest(NULL, Object(Config\Cache), false)
#9 C:\Users\Windows 10\Documents\SEMESTER-5\prjwebRetalMobil\public\index.php(79): CodeIgniter\CodeIgniter->run()
#10 C:\Users\Windows 10\Documents\SEMESTER-5\prjwebRetalMobil\system\Commands\Server\rewrite.php(47): require_once('C:\\Users\\Window...')
#11 {main}
CRITICAL - 2024-01-27 08:53:20 --> Unknown column 'id_mobil1' in 'on clause'
in SYSTEMPATH\Database\BaseConnection.php on line 646.
 1 SYSTEMPATH\Database\BaseBuilder.php(1615): CodeIgniter\Database\BaseConnection->query('SELECT *
FROM `tbl_peminjaman`
JOIN `tbl_pelanggan` ON `id_pelanggan`=`id`
JOIN `tbl_mobil` ON `id_mobil1`=`id_mobil`', [], false)
 2 APPPATH\Models\ModelPeminjaman.php(14): CodeIgniter\Database\BaseBuilder->get()
 3 APPPATH\Controllers\Peminjaman.php(12): App\Models\ModelPeminjaman->getPeminjaman()
 4 SYSTEMPATH\CodeIgniter.php(919): App\Controllers\Peminjaman->index()
 5 SYSTEMPATH\CodeIgniter.php(494): CodeIgniter\CodeIgniter->runController(Object(App\Controllers\Peminjaman))
 6 SYSTEMPATH\CodeIgniter.php(353): CodeIgniter\CodeIgniter->handleRequest(null, Object(Config\Cache), false)
 7 FCPATH\index.php(79): CodeIgniter\CodeIgniter->run()
 8 SYSTEMPATH\Commands\Server\rewrite.php(47): require_once('C:\\Users\\Windows 10\\Documents\\SEMESTER-5\\prjwebRetalMobil\\public\\index.php')
CRITICAL - 2024-01-27 08:56:08 --> Undefined variable $peminjaman
in APPPATH\Views\peminjaman\v_peminjaman.php on line 55.
 1 APPPATH\Views\peminjaman\v_peminjaman.php(55): CodeIgniter\Debug\Exceptions->errorHandler(2, 'Undefined variable $peminjaman', 'C:\\Users\\Windows 10\\Documents\\SEMESTER-5\\prjwebRetalMobil\\app\\Views\\peminjaman\\v_peminjaman.php', 55)
 2 SYSTEMPATH\View\View.php(226): include('C:\\Users\\Windows 10\\Documents\\SEMESTER-5\\prjwebRetalMobil\\app\\Views\\peminjaman\\v_peminjaman.php')
 3 SYSTEMPATH\View\View.php(229): CodeIgniter\View\View->CodeIgniter\View\{closure}()
 4 SYSTEMPATH\Common.php(1188): CodeIgniter\View\View->render('peminjaman/v_peminjaman', [], true)
 5 APPPATH\Controllers\Peminjaman.php(15): view('peminjaman/v_peminjaman', [...])
 6 SYSTEMPATH\CodeIgniter.php(919): App\Controllers\Peminjaman->index()
 7 SYSTEMPATH\CodeIgniter.php(494): CodeIgniter\CodeIgniter->runController(Object(App\Controllers\Peminjaman))
 8 SYSTEMPATH\CodeIgniter.php(353): CodeIgniter\CodeIgniter->handleRequest(null, Object(Config\Cache), false)
 9 FCPATH\index.php(79): CodeIgniter\CodeIgniter->run()
10 SYSTEMPATH\Commands\Server\rewrite.php(47): require_once('C:\\Users\\Windows 10\\Documents\\SEMESTER-5\\prjwebRetalMobil\\public\\index.php')
INFO - 2024-01-27 08:57:13 --> Session: Class initialized using 'CodeIgniter\Session\Handlers\FileHandler' driver.
INFO - 2024-01-27 08:57:28 --> Session: Class initialized using 'CodeIgniter\Session\Handlers\FileHandler' driver.
INFO - 2024-01-27 09:04:32 --> Session: Class initialized using 'CodeIgniter\Session\Handlers\FileHandler' driver.
INFO - 2024-01-27 09:04:49 --> Session: Class initialized using 'CodeIgniter\Session\Handlers\FileHandler' driver.
ERROR - 2024-01-27 09:05:09 --> mysqli_sql_exception: Unknown column 'id_mobil' in 'where clause' in C:\Users\Windows 10\Documents\SEMESTER-5\prjwebRetalMobil\system\Database\MySQLi\Connection.php:306
Stack trace:
#0 C:\Users\Windows 10\Documents\SEMESTER-5\prjwebRetalMobil\system\Database\MySQLi\Connection.php(306): mysqli->query('SELECT 1\nFROM `...', 0)
#1 C:\Users\Windows 10\Documents\SEMESTER-5\prjwebRetalMobil\system\Database\BaseConnection.php(692): CodeIgniter\Database\MySQLi\Connection->execute('SELECT 1\nFROM `...')
#2 C:\Users\Windows 10\Documents\SEMESTER-5\prjwebRetalMobil\system\Database\BaseConnection.php(606): CodeIgniter\Database\BaseConnection->simpleQuery('SELECT 1\nFROM `...')
#3 C:\Users\Windows 10\Documents\SEMESTER-5\prjwebRetalMobil\system\Database\BaseBuilder.php(1615): CodeIgniter\Database\BaseConnection->query('SELECT 1\nFROM `...', Array, false)
#4 C:\Users\Windows 10\Documents\SEMESTER-5\prjwebRetalMobil\system\Validation\StrictRules\Rules.php(206): CodeIgniter\Database\BaseBuilder->get()
#5 C:\Users\Windows 10\Documents\SEMESTER-5\prjwebRetalMobil\system\Validation\Validation.php(309): CodeIgniter\Validation\StrictRules\Rules->is_unique('P001', 'id_mobil', Array, NULL, 'id')
#6 C:\Users\Windows 10\Documents\SEMESTER-5\prjwebRetalMobil\system\Validation\Validation.php(195): CodeIgniter\Validation\Validation->processRules('id', 'id', 'P001', Array, Array)
#7 C:\Users\Windows 10\Documents\SEMESTER-5\prjwebRetalMobil\system\Controller.php(150): CodeIgniter\Validation\Validation->run()
#8 C:\Users\Windows 10\Documents\SEMESTER-5\prjwebRetalMobil\app\Controllers\Mobil.php(28): CodeIgniter\Controller->validate(Array)
#9 C:\Users\Windows 10\Documents\SEMESTER-5\prjwebRetalMobil\system\CodeIgniter.php(919): App\Controllers\Mobil->save()
#10 C:\Users\Windows 10\Documents\SEMESTER-5\prjwebRetalMobil\system\CodeIgniter.php(494): CodeIgniter\CodeIgniter->runController(Object(App\Controllers\Mobil))
#11 C:\Users\Windows 10\Documents\SEMESTER-5\prjwebRetalMobil\system\CodeIgniter.php(353): CodeIgniter\CodeIgniter->handleRequest(NULL, Object(Config\Cache), false)
#12 C:\Users\Windows 10\Documents\SEMESTER-5\prjwebRetalMobil\public\index.php(79): CodeIgniter\CodeIgniter->run()
#13 C:\Users\Windows 10\Documents\SEMESTER-5\prjwebRetalMobil\system\Commands\Server\rewrite.php(47): require_once('C:\\Users\\Window...')
#14 {main}
CRITICAL - 2024-01-27 09:05:09 --> Unknown column 'id_mobil' in 'where clause'
in SYSTEMPATH\Database\BaseConnection.php on line 646.
 1 SYSTEMPATH\Database\BaseBuilder.php(1615): CodeIgniter\Database\BaseConnection->query('SELECT 1
FROM `tbl_mobil`
WHERE `id_mobil` = :id_mobil:
 LIMIT 1', [...], false)
 2 SYSTEMPATH\Validation\StrictRules\Rules.php(206): CodeIgniter\Database\BaseBuilder->get()
 3 SYSTEMPATH\Validation\Validation.php(309): CodeIgniter\Validation\StrictRules\Rules->is_unique('P001', 'id_mobil', [...], null, 'id')
 4 SYSTEMPATH\Validation\Validation.php(195): CodeIgniter\Validation\Validation->processRules('id', 'id', 'P001', [...], [...])
 5 SYSTEMPATH\Controller.php(150): CodeIgniter\Validation\Validation->run()
 6 APPPATH\Controllers\Mobil.php(28): CodeIgniter\Controller->validate([...])
 7 SYSTEMPATH\CodeIgniter.php(919): App\Controllers\Mobil->save()
 8 SYSTEMPATH\CodeIgniter.php(494): CodeIgniter\CodeIgniter->runController(Object(App\Controllers\Mobil))
 9 SYSTEMPATH\CodeIgniter.php(353): CodeIgniter\CodeIgniter->handleRequest(null, Object(Config\Cache), false)
10 FCPATH\index.php(79): CodeIgniter\CodeIgniter->run()
11 SYSTEMPATH\Commands\Server\rewrite.php(47): require_once('C:\\Users\\Windows 10\\Documents\\SEMESTER-5\\prjwebRetalMobil\\public\\index.php')
CRITICAL - 2024-01-27 09:07:30 --> Undefined array key "id_mobil"
in APPPATH\Views\mobil\v_mobil1.php on line 66.
 1 APPPATH\Views\mobil\v_mobil1.php(66): CodeIgniter\Debug\Exceptions->errorHandler(2, 'Undefined array key "id_mobil"', 'C:\\Users\\Windows 10\\Documents\\SEMESTER-5\\prjwebRetalMobil\\app\\Views\\mobil\\v_mobil1.php', 66)
 2 SYSTEMPATH\View\View.php(226): include('C:\\Users\\Windows 10\\Documents\\SEMESTER-5\\prjwebRetalMobil\\app\\Views\\mobil\\v_mobil1.php')
 3 SYSTEMPATH\View\View.php(229): CodeIgniter\View\View->CodeIgniter\View\{closure}()
 4 SYSTEMPATH\Common.php(1188): CodeIgniter\View\View->render('mobil/v_mobil1', [], true)
 5 APPPATH\Controllers\Mobil.php(13): view('mobil/v_mobil1', [...])
 6 SYSTEMPATH\CodeIgniter.php(919): App\Controllers\Mobil->index()
 7 SYSTEMPATH\CodeIgniter.php(494): CodeIgniter\CodeIgniter->runController(Object(App\Controllers\Mobil))
 8 SYSTEMPATH\CodeIgniter.php(353): CodeIgniter\CodeIgniter->handleRequest(null, Object(Config\Cache), false)
 9 FCPATH\index.php(79): CodeIgniter\CodeIgniter->run()
10 SYSTEMPATH\Commands\Server\rewrite.php(47): require_once('C:\\Users\\Windows 10\\Documents\\SEMESTER-5\\prjwebRetalMobil\\public\\index.php')
INFO - 2024-01-27 09:07:53 --> Session: Class initialized using 'CodeIgniter\Session\Handlers\FileHandler' driver.
INFO - 2024-01-27 09:08:12 --> Session: Class initialized using 'CodeIgniter\Session\Handlers\FileHandler' driver.
INFO - 2024-01-27 09:08:19 --> Session: Class initialized using 'CodeIgniter\Session\Handlers\FileHandler' driver.
CRITICAL - 2024-01-27 09:08:19 --> Undefined property: stdClass::$id_mobil
in APPPATH\Views\peminjaman\v_peminjaman.php on line 266.
 1 APPPATH\Views\peminjaman\v_peminjaman.php(266): CodeIgniter\Debug\Exceptions->errorHandler(2, 'Undefined property: stdClass::$id_mobil', 'C:\\Users\\Windows 10\\Documents\\SEMESTER-5\\prjwebRetalMobil\\app\\Views\\peminjaman\\v_peminjaman.php', 266)
 2 SYSTEMPATH\View\View.php(226): include('C:\\Users\\Windows 10\\Documents\\SEMESTER-5\\prjwebRetalMobil\\app\\Views\\peminjaman\\v_peminjaman.php')
 3 SYSTEMPATH\View\View.php(229): CodeIgniter\View\View->CodeIgniter\View\{closure}()
 4 SYSTEMPATH\Common.php(1188): CodeIgniter\View\View->render('peminjaman/v_peminjaman', [], true)
 5 APPPATH\Controllers\Peminjaman.php(15): view('peminjaman/v_peminjaman', [...])
 6 SYSTEMPATH\CodeIgniter.php(919): App\Controllers\Peminjaman->index()
 7 SYSTEMPATH\CodeIgniter.php(494): CodeIgniter\CodeIgniter->runController(Object(App\Controllers\Peminjaman))
 8 SYSTEMPATH\CodeIgniter.php(353): CodeIgniter\CodeIgniter->handleRequest(null, Object(Config\Cache), false)
 9 FCPATH\index.php(79): CodeIgniter\CodeIgniter->run()
10 SYSTEMPATH\Commands\Server\rewrite.php(47): require_once('C:\\Users\\Windows 10\\Documents\\SEMESTER-5\\prjwebRetalMobil\\public\\index.php')
INFO - 2024-01-27 09:09:35 --> Session: Class initialized using 'CodeIgniter\Session\Handlers\FileHandler' driver.
INFO - 2024-01-27 09:10:07 --> Session: Class initialized using 'CodeIgniter\Session\Handlers\FileHandler' driver.
INFO - 2024-01-27 09:10:26 --> Session: Class initialized using 'CodeIgniter\Session\Handlers\FileHandler' driver.
INFO - 2024-01-27 09:10:51 --> Session: Class initialized using 'CodeIgniter\Session\Handlers\FileHandler' driver.
INFO - 2024-01-27 09:11:17 --> Session: Class initialized using 'CodeIgniter\Session\Handlers\FileHandler' driver.
INFO - 2024-01-27 09:12:13 --> Session: Class initialized using 'CodeIgniter\Session\Handlers\FileHandler' driver.
INFO - 2024-01-27 09:13:06 --> Session: Class initialized using 'CodeIgniter\Session\Handlers\FileHandler' driver.
CRITICAL - 2024-01-27 09:13:06 --> Undefined property: stdClass::$id_mobil
in APPPATH\Views\peminjaman\v_peminjaman.php on line 270.
 1 APPPATH\Views\peminjaman\v_peminjaman.php(270): CodeIgniter\Debug\Exceptions->errorHandler(2, 'Undefined property: stdClass::$id_mobil', 'C:\\Users\\Windows 10\\Documents\\SEMESTER-5\\prjwebRetalMobil\\app\\Views\\peminjaman\\v_peminjaman.php', 270)
 2 SYSTEMPATH\View\View.php(226): include('C:\\Users\\Windows 10\\Documents\\SEMESTER-5\\prjwebRetalMobil\\app\\Views\\peminjaman\\v_peminjaman.php')
 3 SYSTEMPATH\View\View.php(229): CodeIgniter\View\View->CodeIgniter\View\{closure}()
 4 SYSTEMPATH\Common.php(1188): CodeIgniter\View\View->render('peminjaman/v_peminjaman', [], true)
 5 APPPATH\Controllers\Peminjaman.php(15): view('peminjaman/v_peminjaman', [...])
 6 SYSTEMPATH\CodeIgniter.php(919): App\Controllers\Peminjaman->index()
 7 SYSTEMPATH\CodeIgniter.php(494): CodeIgniter\CodeIgniter->runController(Object(App\Controllers\Peminjaman))
 8 SYSTEMPATH\CodeIgniter.php(353): CodeIgniter\CodeIgniter->handleRequest(null, Object(Config\Cache), false)
 9 FCPATH\index.php(79): CodeIgniter\CodeIgniter->run()
10 SYSTEMPATH\Commands\Server\rewrite.php(47): require_once('C:\\Users\\Windows 10\\Documents\\SEMESTER-5\\prjwebRetalMobil\\public\\index.php')
INFO - 2024-01-27 09:13:19 --> Session: Class initialized using 'CodeIgniter\Session\Handlers\FileHandler' driver.
INFO - 2024-01-27 09:14:36 --> Session: Class initialized using 'CodeIgniter\Session\Handlers\FileHandler' driver.
INFO - 2024-01-27 09:15:12 --> Session: Class initialized using 'CodeIgniter\Session\Handlers\FileHandler' driver.
CRITICAL - 2024-01-27 09:15:12 --> Undefined property: stdClass::$id_mobil
in APPPATH\Views\peminjaman\v_peminjaman.php on line 266.
 1 APPPATH\Views\peminjaman\v_peminjaman.php(266): CodeIgniter\Debug\Exceptions->errorHandler(2, 'Undefined property: stdClass::$id_mobil', 'C:\\Users\\Windows 10\\Documents\\SEMESTER-5\\prjwebRetalMobil\\app\\Views\\peminjaman\\v_peminjaman.php', 266)
 2 SYSTEMPATH\View\View.php(226): include('C:\\Users\\Windows 10\\Documents\\SEMESTER-5\\prjwebRetalMobil\\app\\Views\\peminjaman\\v_peminjaman.php')
 3 SYSTEMPATH\View\View.php(229): CodeIgniter\View\View->CodeIgniter\View\{closure}()
 4 SYSTEMPATH\Common.php(1188): CodeIgniter\View\View->render('peminjaman/v_peminjaman', [], true)
 5 APPPATH\Controllers\Peminjaman.php(15): view('peminjaman/v_peminjaman', [...])
 6 SYSTEMPATH\CodeIgniter.php(919): App\Controllers\Peminjaman->index()
 7 SYSTEMPATH\CodeIgniter.php(494): CodeIgniter\CodeIgniter->runController(Object(App\Controllers\Peminjaman))
 8 SYSTEMPATH\CodeIgniter.php(353): CodeIgniter\CodeIgniter->handleRequest(null, Object(Config\Cache), false)
 9 FCPATH\index.php(79): CodeIgniter\CodeIgniter->run()
10 SYSTEMPATH\Commands\Server\rewrite.php(47): require_once('C:\\Users\\Windows 10\\Documents\\SEMESTER-5\\prjwebRetalMobil\\public\\index.php')
INFO - 2024-01-27 09:15:52 --> Session: Class initialized using 'CodeIgniter\Session\Handlers\FileHandler' driver.
INFO - 2024-01-27 09:16:30 --> Session: Class initialized using 'CodeIgniter\Session\Handlers\FileHandler' driver.
INFO - 2024-01-27 09:17:44 --> Session: Class initialized using 'CodeIgniter\Session\Handlers\FileHandler' driver.
INFO - 2024-01-27 09:21:15 --> Session: Class initialized using 'CodeIgniter\Session\Handlers\FileHandler' driver.
INFO - 2024-01-27 09:21:17 --> Session: Class initialized using 'CodeIgniter\Session\Handlers\FileHandler' driver.
INFO - 2024-01-27 09:21:35 --> Session: Class initialized using 'CodeIgniter\Session\Handlers\FileHandler' driver.
INFO - 2024-01-27 09:21:41 --> Session: Class initialized using 'CodeIgniter\Session\Handlers\FileHandler' driver.
INFO - 2024-01-27 09:22:24 --> Session: Class initialized using 'CodeIgniter\Session\Handlers\FileHandler' driver.
INFO - 2024-01-27 09:27:16 --> Session: Class initialized using 'CodeIgniter\Session\Handlers\FileHandler' driver.
CRITICAL - 2024-01-27 09:27:16 --> Undefined property: stdClass::$id_mobil
in APPPATH\Views\peminjaman\v_peminjaman.php on line 266.
 1 APPPATH\Views\peminjaman\v_peminjaman.php(266): CodeIgniter\Debug\Exceptions->errorHandler(2, 'Undefined property: stdClass::$id_mobil', 'C:\\Users\\Windows 10\\Documents\\SEMESTER-5\\prjwebRetalMobil\\app\\Views\\peminjaman\\v_peminjaman.php', 266)
 2 SYSTEMPATH\View\View.php(226): include('C:\\Users\\Windows 10\\Documents\\SEMESTER-5\\prjwebRetalMobil\\app\\Views\\peminjaman\\v_peminjaman.php')
 3 SYSTEMPATH\View\View.php(229): CodeIgniter\View\View->CodeIgniter\View\{closure}()
 4 SYSTEMPATH\Common.php(1188): CodeIgniter\View\View->render('peminjaman/v_peminjaman', [], true)
 5 APPPATH\Controllers\Peminjaman.php(15): view('peminjaman/v_peminjaman', [...])
 6 SYSTEMPATH\CodeIgniter.php(919): App\Controllers\Peminjaman->index()
 7 SYSTEMPATH\CodeIgniter.php(494): CodeIgniter\CodeIgniter->runController(Object(App\Controllers\Peminjaman))
 8 SYSTEMPATH\CodeIgniter.php(353): CodeIgniter\CodeIgniter->handleRequest(null, Object(Config\Cache), false)
 9 FCPATH\index.php(79): CodeIgniter\CodeIgniter->run()
10 SYSTEMPATH\Commands\Server\rewrite.php(47): require_once('C:\\Users\\Windows 10\\Documents\\SEMESTER-5\\prjwebRetalMobil\\public\\index.php')
INFO - 2024-01-27 09:27:56 --> Session: Class initialized using 'CodeIgniter\Session\Handlers\FileHandler' driver.
CRITICAL - 2024-01-27 09:27:56 --> Undefined property: stdClass::$id_mobil
in APPPATH\Views\peminjaman\v_peminjaman.php on line 270.
 1 APPPATH\Views\peminjaman\v_peminjaman.php(270): CodeIgniter\Debug\Exceptions->errorHandler(2, 'Undefined property: stdClass::$id_mobil', 'C:\\Users\\Windows 10\\Documents\\SEMESTER-5\\prjwebRetalMobil\\app\\Views\\peminjaman\\v_peminjaman.php', 270)
 2 SYSTEMPATH\View\View.php(226): include('C:\\Users\\Windows 10\\Documents\\SEMESTER-5\\prjwebRetalMobil\\app\\Views\\peminjaman\\v_peminjaman.php')
 3 SYSTEMPATH\View\View.php(229): CodeIgniter\View\View->CodeIgniter\View\{closure}()
 4 SYSTEMPATH\Common.php(1188): CodeIgniter\View\View->render('peminjaman/v_peminjaman', [], true)
 5 APPPATH\Controllers\Peminjaman.php(15): view('peminjaman/v_peminjaman', [...])
 6 SYSTEMPATH\CodeIgniter.php(919): App\Controllers\Peminjaman->index()
 7 SYSTEMPATH\CodeIgniter.php(494): CodeIgniter\CodeIgniter->runController(Object(App\Controllers\Peminjaman))
 8 SYSTEMPATH\CodeIgniter.php(353): CodeIgniter\CodeIgniter->handleRequest(null, Object(Config\Cache), false)
 9 FCPATH\index.php(79): CodeIgniter\CodeIgniter->run()
10 SYSTEMPATH\Commands\Server\rewrite.php(47): require_once('C:\\Users\\Windows 10\\Documents\\SEMESTER-5\\prjwebRetalMobil\\public\\index.php')
INFO - 2024-01-27 09:28:28 --> Session: Class initialized using 'CodeIgniter\Session\Handlers\FileHandler' driver.
INFO - 2024-01-27 09:31:32 --> Session: Class initialized using 'CodeIgniter\Session\Handlers\FileHandler' driver.
INFO - 2024-01-27 09:33:50 --> Session: Class initialized using 'CodeIgniter\Session\Handlers\FileHandler' driver.
INFO - 2024-01-27 09:42:46 --> Session: Class initialized using 'CodeIgniter\Session\Handlers\FileHandler' driver.
INFO - 2024-01-27 09:42:53 --> Session: Class initialized using 'CodeIgniter\Session\Handlers\FileHandler' driver.
INFO - 2024-01-27 09:42:56 --> Session: Class initialized using 'CodeIgniter\Session\Handlers\FileHandler' driver.
INFO - 2024-01-27 09:43:47 --> Session: Class initialized using 'CodeIgniter\Session\Handlers\FileHandler' driver.
INFO - 2024-01-27 09:44:31 --> Session: Class initialized using 'CodeIgniter\Session\Handlers\FileHandler' driver.
INFO - 2024-01-27 09:45:17 --> Session: Class initialized using 'CodeIgniter\Session\Handlers\FileHandler' driver.
INFO - 2024-01-27 09:45:26 --> Session: Class initialized using 'CodeIgniter\Session\Handlers\FileHandler' driver.
INFO - 2024-01-27 09:46:43 --> Session: Class initialized using 'CodeIgniter\Session\Handlers\FileHandler' driver.
INFO - 2024-01-27 09:52:25 --> Session: Class initialized using 'CodeIgniter\Session\Handlers\FileHandler' driver.
CRITICAL - 2024-01-27 09:52:25 --> Undefined property: stdClass::$id
in APPPATH\Views\peminjaman\v_peminjaman.php on line 267.
 1 APPPATH\Views\peminjaman\v_peminjaman.php(267): CodeIgniter\Debug\Exceptions->errorHandler(2, 'Undefined property: stdClass::$id', 'C:\\Users\\Windows 10\\Documents\\SEMESTER-5\\prjwebRetalMobil\\app\\Views\\peminjaman\\v_peminjaman.php', 267)
 2 SYSTEMPATH\View\View.php(226): include('C:\\Users\\Windows 10\\Documents\\SEMESTER-5\\prjwebRetalMobil\\app\\Views\\peminjaman\\v_peminjaman.php')
 3 SYSTEMPATH\View\View.php(229): CodeIgniter\View\View->CodeIgniter\View\{closure}()
 4 SYSTEMPATH\Common.php(1188): CodeIgniter\View\View->render('peminjaman/v_peminjaman', [], true)
 5 APPPATH\Controllers\Peminjaman.php(15): view('peminjaman/v_peminjaman', [...])
 6 SYSTEMPATH\CodeIgniter.php(919): App\Controllers\Peminjaman->index()
 7 SYSTEMPATH\CodeIgniter.php(494): CodeIgniter\CodeIgniter->runController(Object(App\Controllers\Peminjaman))
 8 SYSTEMPATH\CodeIgniter.php(353): CodeIgniter\CodeIgniter->handleRequest(null, Object(Config\Cache), false)
 9 FCPATH\index.php(79): CodeIgniter\CodeIgniter->run()
10 SYSTEMPATH\Commands\Server\rewrite.php(47): require_once('C:\\Users\\Windows 10\\Documents\\SEMESTER-5\\prjwebRetalMobil\\public\\index.php')
INFO - 2024-01-27 09:53:22 --> Session: Class initialized using 'CodeIgniter\Session\Handlers\FileHandler' driver.
CRITICAL - 2024-01-27 09:53:22 --> Undefined property: stdClass::$idtarif
in APPPATH\Views\peminjaman\v_peminjaman.php on line 267.
 1 APPPATH\Views\peminjaman\v_peminjaman.php(267): CodeIgniter\Debug\Exceptions->errorHandler(2, 'Undefined property: stdClass::$idtarif', 'C:\\Users\\Windows 10\\Documents\\SEMESTER-5\\prjwebRetalMobil\\app\\Views\\peminjaman\\v_peminjaman.php', 267)
 2 SYSTEMPATH\View\View.php(226): include('C:\\Users\\Windows 10\\Documents\\SEMESTER-5\\prjwebRetalMobil\\app\\Views\\peminjaman\\v_peminjaman.php')
 3 SYSTEMPATH\View\View.php(229): CodeIgniter\View\View->CodeIgniter\View\{closure}()
 4 SYSTEMPATH\Common.php(1188): CodeIgniter\View\View->render('peminjaman/v_peminjaman', [], true)
 5 APPPATH\Controllers\Peminjaman.php(15): view('peminjaman/v_peminjaman', [...])
 6 SYSTEMPATH\CodeIgniter.php(919): App\Controllers\Peminjaman->index()
 7 SYSTEMPATH\CodeIgniter.php(494): CodeIgniter\CodeIgniter->runController(Object(App\Controllers\Peminjaman))
 8 SYSTEMPATH\CodeIgniter.php(353): CodeIgniter\CodeIgniter->handleRequest(null, Object(Config\Cache), false)
 9 FCPATH\index.php(79): CodeIgniter\CodeIgniter->run()
10 SYSTEMPATH\Commands\Server\rewrite.php(47): require_once('C:\\Users\\Windows 10\\Documents\\SEMESTER-5\\prjwebRetalMobil\\public\\index.php')
INFO - 2024-01-27 09:53:59 --> Session: Class initialized using 'CodeIgniter\Session\Handlers\FileHandler' driver.
CRITICAL - 2024-01-27 09:53:59 --> Undefined property: stdClass::$idtarif
in APPPATH\Views\peminjaman\v_peminjaman.php on line 267.
 1 APPPATH\Views\peminjaman\v_peminjaman.php(267): CodeIgniter\Debug\Exceptions->errorHandler(2, 'Undefined property: stdClass::$idtarif', 'C:\\Users\\Windows 10\\Documents\\SEMESTER-5\\prjwebRetalMobil\\app\\Views\\peminjaman\\v_peminjaman.php', 267)
 2 SYSTEMPATH\View\View.php(226): include('C:\\Users\\Windows 10\\Documents\\SEMESTER-5\\prjwebRetalMobil\\app\\Views\\peminjaman\\v_peminjaman.php')
 3 SYSTEMPATH\View\View.php(229): CodeIgniter\View\View->CodeIgniter\View\{closure}()
 4 SYSTEMPATH\Common.php(1188): CodeIgniter\View\View->render('peminjaman/v_peminjaman', [], true)
 5 APPPATH\Controllers\Peminjaman.php(15): view('peminjaman/v_peminjaman', [...])
 6 SYSTEMPATH\CodeIgniter.php(919): App\Controllers\Peminjaman->index()
 7 SYSTEMPATH\CodeIgniter.php(494): CodeIgniter\CodeIgniter->runController(Object(App\Controllers\Peminjaman))
 8 SYSTEMPATH\CodeIgniter.php(353): CodeIgniter\CodeIgniter->handleRequest(null, Object(Config\Cache), false)
 9 FCPATH\index.php(79): CodeIgniter\CodeIgniter->run()
10 SYSTEMPATH\Commands\Server\rewrite.php(47): require_once('C:\\Users\\Windows 10\\Documents\\SEMESTER-5\\prjwebRetalMobil\\public\\index.php')
INFO - 2024-01-27 09:54:06 --> Session: Class initialized using 'CodeIgniter\Session\Handlers\FileHandler' driver.
CRITICAL - 2024-01-27 09:54:06 --> Undefined property: stdClass::$idtarif
in APPPATH\Views\peminjaman\v_peminjaman.php on line 267.
 1 APPPATH\Views\peminjaman\v_peminjaman.php(267): CodeIgniter\Debug\Exceptions->errorHandler(2, 'Undefined property: stdClass::$idtarif', 'C:\\Users\\Windows 10\\Documents\\SEMESTER-5\\prjwebRetalMobil\\app\\Views\\peminjaman\\v_peminjaman.php', 267)
 2 SYSTEMPATH\View\View.php(226): include('C:\\Users\\Windows 10\\Documents\\SEMESTER-5\\prjwebRetalMobil\\app\\Views\\peminjaman\\v_peminjaman.php')
 3 SYSTEMPATH\View\View.php(229): CodeIgniter\View\View->CodeIgniter\View\{closure}()
 4 SYSTEMPATH\Common.php(1188): CodeIgniter\View\View->render('peminjaman/v_peminjaman', [], true)
 5 APPPATH\Controllers\Peminjaman.php(15): view('peminjaman/v_peminjaman', [...])
 6 SYSTEMPATH\CodeIgniter.php(919): App\Controllers\Peminjaman->index()
 7 SYSTEMPATH\CodeIgniter.php(494): CodeIgniter\CodeIgniter->runController(Object(App\Controllers\Peminjaman))
 8 SYSTEMPATH\CodeIgniter.php(353): CodeIgniter\CodeIgniter->handleRequest(null, Object(Config\Cache), false)
 9 FCPATH\index.php(79): CodeIgniter\CodeIgniter->run()
10 SYSTEMPATH\Commands\Server\rewrite.php(47): require_once('C:\\Users\\Windows 10\\Documents\\SEMESTER-5\\prjwebRetalMobil\\public\\index.php')
INFO - 2024-01-27 09:55:10 --> Session: Class initialized using 'CodeIgniter\Session\Handlers\FileHandler' driver.
CRITICAL - 2024-01-27 09:55:10 --> Undefined property: stdClass::$id_mobil
in APPPATH\Views\peminjaman\v_peminjaman.php on line 267.
 1 APPPATH\Views\peminjaman\v_peminjaman.php(267): CodeIgniter\Debug\Exceptions->errorHandler(2, 'Undefined property: stdClass::$id_mobil', 'C:\\Users\\Windows 10\\Documents\\SEMESTER-5\\prjwebRetalMobil\\app\\Views\\peminjaman\\v_peminjaman.php', 267)
 2 SYSTEMPATH\View\View.php(226): include('C:\\Users\\Windows 10\\Documents\\SEMESTER-5\\prjwebRetalMobil\\app\\Views\\peminjaman\\v_peminjaman.php')
 3 SYSTEMPATH\View\View.php(229): CodeIgniter\View\View->CodeIgniter\View\{closure}()
 4 SYSTEMPATH\Common.php(1188): CodeIgniter\View\View->render('peminjaman/v_peminjaman', [], true)
 5 APPPATH\Controllers\Peminjaman.php(15): view('peminjaman/v_peminjaman', [...])
 6 SYSTEMPATH\CodeIgniter.php(919): App\Controllers\Peminjaman->index()
 7 SYSTEMPATH\CodeIgniter.php(494): CodeIgniter\CodeIgniter->runController(Object(App\Controllers\Peminjaman))
 8 SYSTEMPATH\CodeIgniter.php(353): CodeIgniter\CodeIgniter->handleRequest(null, Object(Config\Cache), false)
 9 FCPATH\index.php(79): CodeIgniter\CodeIgniter->run()
10 SYSTEMPATH\Commands\Server\rewrite.php(47): require_once('C:\\Users\\Windows 10\\Documents\\SEMESTER-5\\prjwebRetalMobil\\public\\index.php')
INFO - 2024-01-27 09:55:18 --> Session: Class initialized using 'CodeIgniter\Session\Handlers\FileHandler' driver.
CRITICAL - 2024-01-27 09:55:18 --> Undefined property: stdClass::$idklass
in APPPATH\Views\peminjaman\v_peminjaman.php on line 268.
 1 APPPATH\Views\peminjaman\v_peminjaman.php(268): CodeIgniter\Debug\Exceptions->errorHandler(2, 'Undefined property: stdClass::$idklass', 'C:\\Users\\Windows 10\\Documents\\SEMESTER-5\\prjwebRetalMobil\\app\\Views\\peminjaman\\v_peminjaman.php', 268)
 2 SYSTEMPATH\View\View.php(226): include('C:\\Users\\Windows 10\\Documents\\SEMESTER-5\\prjwebRetalMobil\\app\\Views\\peminjaman\\v_peminjaman.php')
 3 SYSTEMPATH\View\View.php(229): CodeIgniter\View\View->CodeIgniter\View\{closure}()
 4 SYSTEMPATH\Common.php(1188): CodeIgniter\View\View->render('peminjaman/v_peminjaman', [], true)
 5 APPPATH\Controllers\Peminjaman.php(15): view('peminjaman/v_peminjaman', [...])
 6 SYSTEMPATH\CodeIgniter.php(919): App\Controllers\Peminjaman->index()
 7 SYSTEMPATH\CodeIgniter.php(494): CodeIgniter\CodeIgniter->runController(Object(App\Controllers\Peminjaman))
 8 SYSTEMPATH\CodeIgniter.php(353): CodeIgniter\CodeIgniter->handleRequest(null, Object(Config\Cache), false)
 9 FCPATH\index.php(79): CodeIgniter\CodeIgniter->run()
10 SYSTEMPATH\Commands\Server\rewrite.php(47): require_once('C:\\Users\\Windows 10\\Documents\\SEMESTER-5\\prjwebRetalMobil\\public\\index.php')
INFO - 2024-01-27 09:55:41 --> Session: Class initialized using 'CodeIgniter\Session\Handlers\FileHandler' driver.
CRITICAL - 2024-01-27 09:55:41 --> Undefined property: stdClass::$tarif
in APPPATH\Views\peminjaman\v_peminjaman.php on line 269.
 1 APPPATH\Views\peminjaman\v_peminjaman.php(269): CodeIgniter\Debug\Exceptions->errorHandler(2, 'Undefined property: stdClass::$tarif', 'C:\\Users\\Windows 10\\Documents\\SEMESTER-5\\prjwebRetalMobil\\app\\Views\\peminjaman\\v_peminjaman.php', 269)
 2 SYSTEMPATH\View\View.php(226): include('C:\\Users\\Windows 10\\Documents\\SEMESTER-5\\prjwebRetalMobil\\app\\Views\\peminjaman\\v_peminjaman.php')
 3 SYSTEMPATH\View\View.php(229): CodeIgniter\View\View->CodeIgniter\View\{closure}()
 4 SYSTEMPATH\Common.php(1188): CodeIgniter\View\View->render('peminjaman/v_peminjaman', [], true)
 5 APPPATH\Controllers\Peminjaman.php(15): view('peminjaman/v_peminjaman', [...])
 6 SYSTEMPATH\CodeIgniter.php(919): App\Controllers\Peminjaman->index()
 7 SYSTEMPATH\CodeIgniter.php(494): CodeIgniter\CodeIgniter->runController(Object(App\Controllers\Peminjaman))
 8 SYSTEMPATH\CodeIgniter.php(353): CodeIgniter\CodeIgniter->handleRequest(null, Object(Config\Cache), false)
 9 FCPATH\index.php(79): CodeIgniter\CodeIgniter->run()
10 SYSTEMPATH\Commands\Server\rewrite.php(47): require_once('C:\\Users\\Windows 10\\Documents\\SEMESTER-5\\prjwebRetalMobil\\public\\index.php')
INFO - 2024-01-27 09:56:19 --> Session: Class initialized using 'CodeIgniter\Session\Handlers\FileHandler' driver.
CRITICAL - 2024-01-27 09:56:19 --> Undefined property: stdClass::$id
in APPPATH\Views\peminjaman\v_peminjaman.php on line 271.
 1 APPPATH\Views\peminjaman\v_peminjaman.php(271): CodeIgniter\Debug\Exceptions->errorHandler(2, 'Undefined property: stdClass::$id', 'C:\\Users\\Windows 10\\Documents\\SEMESTER-5\\prjwebRetalMobil\\app\\Views\\peminjaman\\v_peminjaman.php', 271)
 2 SYSTEMPATH\View\View.php(226): include('C:\\Users\\Windows 10\\Documents\\SEMESTER-5\\prjwebRetalMobil\\app\\Views\\peminjaman\\v_peminjaman.php')
 3 SYSTEMPATH\View\View.php(229): CodeIgniter\View\View->CodeIgniter\View\{closure}()
 4 SYSTEMPATH\Common.php(1188): CodeIgniter\View\View->render('peminjaman/v_peminjaman', [], true)
 5 APPPATH\Controllers\Peminjaman.php(15): view('peminjaman/v_peminjaman', [...])
 6 SYSTEMPATH\CodeIgniter.php(919): App\Controllers\Peminjaman->index()
 7 SYSTEMPATH\CodeIgniter.php(494): CodeIgniter\CodeIgniter->runController(Object(App\Controllers\Peminjaman))
 8 SYSTEMPATH\CodeIgniter.php(353): CodeIgniter\CodeIgniter->handleRequest(null, Object(Config\Cache), false)
 9 FCPATH\index.php(79): CodeIgniter\CodeIgniter->run()
10 SYSTEMPATH\Commands\Server\rewrite.php(47): require_once('C:\\Users\\Windows 10\\Documents\\SEMESTER-5\\prjwebRetalMobil\\public\\index.php')
INFO - 2024-01-27 09:56:50 --> Session: Class initialized using 'CodeIgniter\Session\Handlers\FileHandler' driver.
CRITICAL - 2024-01-27 09:56:50 --> Undefined property: stdClass::$nama
in APPPATH\Views\peminjaman\v_peminjaman.php on line 271.
 1 APPPATH\Views\peminjaman\v_peminjaman.php(271): CodeIgniter\Debug\Exceptions->errorHandler(2, 'Undefined property: stdClass::$nama', 'C:\\Users\\Windows 10\\Documents\\SEMESTER-5\\prjwebRetalMobil\\app\\Views\\peminjaman\\v_peminjaman.php', 271)
 2 SYSTEMPATH\View\View.php(226): include('C:\\Users\\Windows 10\\Documents\\SEMESTER-5\\prjwebRetalMobil\\app\\Views\\peminjaman\\v_peminjaman.php')
 3 SYSTEMPATH\View\View.php(229): CodeIgniter\View\View->CodeIgniter\View\{closure}()
 4 SYSTEMPATH\Common.php(1188): CodeIgniter\View\View->render('peminjaman/v_peminjaman', [], true)
 5 APPPATH\Controllers\Peminjaman.php(15): view('peminjaman/v_peminjaman', [...])
 6 SYSTEMPATH\CodeIgniter.php(919): App\Controllers\Peminjaman->index()
 7 SYSTEMPATH\CodeIgniter.php(494): CodeIgniter\CodeIgniter->runController(Object(App\Controllers\Peminjaman))
 8 SYSTEMPATH\CodeIgniter.php(353): CodeIgniter\CodeIgniter->handleRequest(null, Object(Config\Cache), false)
 9 FCPATH\index.php(79): CodeIgniter\CodeIgniter->run()
10 SYSTEMPATH\Commands\Server\rewrite.php(47): require_once('C:\\Users\\Windows 10\\Documents\\SEMESTER-5\\prjwebRetalMobil\\public\\index.php')
INFO - 2024-01-27 09:57:36 --> Session: Class initialized using 'CodeIgniter\Session\Handlers\FileHandler' driver.
INFO - 2024-01-27 09:58:02 --> Session: Class initialized using 'CodeIgniter\Session\Handlers\FileHandler' driver.
INFO - 2024-01-27 10:02:16 --> Session: Class initialized using 'CodeIgniter\Session\Handlers\FileHandler' driver.
INFO - 2024-01-27 10:37:15 --> Session: Class initialized using 'CodeIgniter\Session\Handlers\FileHandler' driver.
INFO - 2024-01-27 10:37:27 --> Session: Class initialized using 'CodeIgniter\Session\Handlers\FileHandler' driver.
INFO - 2024-01-27 10:42:24 --> Session: Class initialized using 'CodeIgniter\Session\Handlers\FileHandler' driver.
INFO - 2024-01-27 10:42:31 --> Session: Class initialized using 'CodeIgniter\Session\Handlers\FileHandler' driver.
INFO - 2024-01-27 10:47:30 --> Session: Class initialized using 'CodeIgniter\Session\Handlers\FileHandler' driver.
INFO - 2024-01-27 10:47:37 --> Session: Class initialized using 'CodeIgniter\Session\Handlers\FileHandler' driver.
INFO - 2024-01-27 10:48:37 --> Session: Class initialized using 'CodeIgniter\Session\Handlers\FileHandler' driver.
INFO - 2024-01-27 10:51:11 --> Session: Class initialized using 'CodeIgniter\Session\Handlers\FileHandler' driver.
INFO - 2024-01-27 10:53:34 --> Session: Class initialized using 'CodeIgniter\Session\Handlers\FileHandler' driver.
INFO - 2024-01-27 10:54:25 --> Session: Class initialized using 'CodeIgniter\Session\Handlers\FileHandler' driver.
INFO - 2024-01-27 11:18:37 --> Session: Class initialized using 'CodeIgniter\Session\Handlers\FileHandler' driver.
ERROR - 2024-01-27 11:28:22 --> mysqli_sql_exception: Unknown column 'id_mobil' in 'field list' in C:\Users\Windows 10\Documents\SEMESTER-5\prjwebRetalMobil\system\Database\MySQLi\Connection.php:306
Stack trace:
#0 C:\Users\Windows 10\Documents\SEMESTER-5\prjwebRetalMobil\system\Database\MySQLi\Connection.php(306): mysqli->query('INSERT INTO `tb...', 0)
#1 C:\Users\Windows 10\Documents\SEMESTER-5\prjwebRetalMobil\system\Database\BaseConnection.php(692): CodeIgniter\Database\MySQLi\Connection->execute('INSERT INTO `tb...')
#2 C:\Users\Windows 10\Documents\SEMESTER-5\prjwebRetalMobil\system\Database\BaseConnection.php(606): CodeIgniter\Database\BaseConnection->simpleQuery('INSERT INTO `tb...')
#3 C:\Users\Windows 10\Documents\SEMESTER-5\prjwebRetalMobil\system\Database\BaseBuilder.php(2308): CodeIgniter\Database\BaseConnection->query('INSERT INTO `tb...', Array, false)
#4 C:\Users\Windows 10\Documents\SEMESTER-5\prjwebRetalMobil\app\Models\ModelPeminjaman.php(66): CodeIgniter\Database\BaseBuilder->insert(Array)
#5 C:\Users\Windows 10\Documents\SEMESTER-5\prjwebRetalMobil\app\Controllers\Peminjaman.php(35): App\Models\ModelPeminjaman->insertData(Array)
#6 C:\Users\Windows 10\Documents\SEMESTER-5\prjwebRetalMobil\system\CodeIgniter.php(919): App\Controllers\Peminjaman->save()
#7 C:\Users\Windows 10\Documents\SEMESTER-5\prjwebRetalMobil\system\CodeIgniter.php(494): CodeIgniter\CodeIgniter->runController(Object(App\Controllers\Peminjaman))
#8 C:\Users\Windows 10\Documents\SEMESTER-5\prjwebRetalMobil\system\CodeIgniter.php(353): CodeIgniter\CodeIgniter->handleRequest(NULL, Object(Config\Cache), false)
#9 C:\Users\Windows 10\Documents\SEMESTER-5\prjwebRetalMobil\public\index.php(79): CodeIgniter\CodeIgniter->run()
#10 C:\Users\Windows 10\Documents\SEMESTER-5\prjwebRetalMobil\system\Commands\Server\rewrite.php(47): require_once('C:\\Users\\Window...')
#11 {main}
CRITICAL - 2024-01-27 11:28:22 --> Unknown column 'id_mobil' in 'field list'
in SYSTEMPATH\Database\BaseConnection.php on line 646.
 1 SYSTEMPATH\Database\BaseBuilder.php(2308): CodeIgniter\Database\BaseConnection->query('INSERT INTO `tbl_transaksi` (`idpel`, `idharga`, `meterbulanini`, `meterbulanlalu`, `tglbayar`, `id_mobil`, `id_pelanggan`, `tgl_pinjam`, `lama_sewa`, `status_pembayaran`) VALUES (:idpel:, :idharga:, :meterbulanini:, :meterbulanlalu:, :tglbayar:, :id_mobil:, :id_pelanggan:, :tgl_pinjam:, :lama_sewa:, :status_pembayaran:)', [...], false)
 2 APPPATH\Models\ModelPeminjaman.php(66): CodeIgniter\Database\BaseBuilder->insert([...])
 3 APPPATH\Controllers\Peminjaman.php(35): App\Models\ModelPeminjaman->insertData([...])
 4 SYSTEMPATH\CodeIgniter.php(919): App\Controllers\Peminjaman->save()
 5 SYSTEMPATH\CodeIgniter.php(494): CodeIgniter\CodeIgniter->runController(Object(App\Controllers\Peminjaman))
 6 SYSTEMPATH\CodeIgniter.php(353): CodeIgniter\CodeIgniter->handleRequest(null, Object(Config\Cache), false)
 7 FCPATH\index.php(79): CodeIgniter\CodeIgniter->run()
 8 SYSTEMPATH\Commands\Server\rewrite.php(47): require_once('C:\\Users\\Windows 10\\Documents\\SEMESTER-5\\prjwebRetalMobil\\public\\index.php')
INFO - 2024-01-27 11:29:44 --> Session: Class initialized using 'CodeIgniter\Session\Handlers\FileHandler' driver.
INFO - 2024-01-27 11:30:11 --> Session: Class initialized using 'CodeIgniter\Session\Handlers\FileHandler' driver.
INFO - 2024-01-27 11:30:54 --> Session: Class initialized using 'CodeIgniter\Session\Handlers\FileHandler' driver.
INFO - 2024-01-27 11:46:18 --> Session: Class initialized using 'CodeIgniter\Session\Handlers\FileHandler' driver.
INFO - 2024-01-27 11:46:26 --> Session: Class initialized using 'CodeIgniter\Session\Handlers\FileHandler' driver.
INFO - 2024-01-27 11:47:26 --> Session: Class initialized using 'CodeIgniter\Session\Handlers\FileHandler' driver.
INFO - 2024-01-27 11:58:06 --> Session: Class initialized using 'CodeIgniter\Session\Handlers\FileHandler' driver.
INFO - 2024-01-27 12:02:11 --> Session: Class initialized using 'CodeIgniter\Session\Handlers\FileHandler' driver.
ERROR - 2024-01-27 12:02:33 --> mysqli_sql_exception: Unknown column 'id_mobil' in 'field list' in C:\Users\Windows 10\Documents\SEMESTER-5\prjwebRetalMobil\system\Database\MySQLi\Connection.php:306
Stack trace:
#0 C:\Users\Windows 10\Documents\SEMESTER-5\prjwebRetalMobil\system\Database\MySQLi\Connection.php(306): mysqli->query('INSERT INTO `tb...', 0)
#1 C:\Users\Windows 10\Documents\SEMESTER-5\prjwebRetalMobil\system\Database\BaseConnection.php(692): CodeIgniter\Database\MySQLi\Connection->execute('INSERT INTO `tb...')
#2 C:\Users\Windows 10\Documents\SEMESTER-5\prjwebRetalMobil\system\Database\BaseConnection.php(606): CodeIgniter\Database\BaseConnection->simpleQuery('INSERT INTO `tb...')
#3 C:\Users\Windows 10\Documents\SEMESTER-5\prjwebRetalMobil\system\Database\BaseBuilder.php(2308): CodeIgniter\Database\BaseConnection->query('INSERT INTO `tb...', Array, false)
#4 C:\Users\Windows 10\Documents\SEMESTER-5\prjwebRetalMobil\app\Models\ModelPeminjaman.php(66): CodeIgniter\Database\BaseBuilder->insert(Array)
#5 C:\Users\Windows 10\Documents\SEMESTER-5\prjwebRetalMobil\app\Controllers\Peminjaman.php(35): App\Models\ModelPeminjaman->insertData(Array)
#6 C:\Users\Windows 10\Documents\SEMESTER-5\prjwebRetalMobil\system\CodeIgniter.php(919): App\Controllers\Peminjaman->save()
#7 C:\Users\Windows 10\Documents\SEMESTER-5\prjwebRetalMobil\system\CodeIgniter.php(494): CodeIgniter\CodeIgniter->runController(Object(App\Controllers\Peminjaman))
#8 C:\Users\Windows 10\Documents\SEMESTER-5\prjwebRetalMobil\system\CodeIgniter.php(353): CodeIgniter\CodeIgniter->handleRequest(NULL, Object(Config\Cache), false)
#9 C:\Users\Windows 10\Documents\SEMESTER-5\prjwebRetalMobil\public\index.php(79): CodeIgniter\CodeIgniter->run()
#10 C:\Users\Windows 10\Documents\SEMESTER-5\prjwebRetalMobil\system\Commands\Server\rewrite.php(47): require_once('C:\\Users\\Window...')
#11 {main}
CRITICAL - 2024-01-27 12:02:33 --> Unknown column 'id_mobil' in 'field list'
in SYSTEMPATH\Database\BaseConnection.php on line 646.
 1 SYSTEMPATH\Database\BaseBuilder.php(2308): CodeIgniter\Database\BaseConnection->query('INSERT INTO `tbl_transaksi` (`idpel`, `idharga`, `meterbulanini`, `meterbulanlalu`, `tglbayar`, `id_mobil`, `id_pelanggan`, `tgl_pinjam`, `lama_sewa`, `status_pembayaran`) VALUES (:idpel:, :idharga:, :meterbulanini:, :meterbulanlalu:, :tglbayar:, :id_mobil:, :id_pelanggan:, :tgl_pinjam:, :lama_sewa:, :status_pembayaran:)', [...], false)
 2 APPPATH\Models\ModelPeminjaman.php(66): CodeIgniter\Database\BaseBuilder->insert([...])
 3 APPPATH\Controllers\Peminjaman.php(35): App\Models\ModelPeminjaman->insertData([...])
 4 SYSTEMPATH\CodeIgniter.php(919): App\Controllers\Peminjaman->save()
 5 SYSTEMPATH\CodeIgniter.php(494): CodeIgniter\CodeIgniter->runController(Object(App\Controllers\Peminjaman))
 6 SYSTEMPATH\CodeIgniter.php(353): CodeIgniter\CodeIgniter->handleRequest(null, Object(Config\Cache), false)
 7 FCPATH\index.php(79): CodeIgniter\CodeIgniter->run()
 8 SYSTEMPATH\Commands\Server\rewrite.php(47): require_once('C:\\Users\\Windows 10\\Documents\\SEMESTER-5\\prjwebRetalMobil\\public\\index.php')
INFO - 2024-01-27 12:03:41 --> Session: Class initialized using 'CodeIgniter\Session\Handlers\FileHandler' driver.
INFO - 2024-01-27 12:03:44 --> Session: Class initialized using 'CodeIgniter\Session\Handlers\FileHandler' driver.
INFO - 2024-01-27 12:06:42 --> Session: Class initialized using 'CodeIgniter\Session\Handlers\FileHandler' driver.
ERROR - 2024-01-27 12:07:01 --> mysqli_sql_exception: Unknown column 'id_mobil' in 'field list' in C:\Users\Windows 10\Documents\SEMESTER-5\prjwebRetalMobil\system\Database\MySQLi\Connection.php:306
Stack trace:
#0 C:\Users\Windows 10\Documents\SEMESTER-5\prjwebRetalMobil\system\Database\MySQLi\Connection.php(306): mysqli->query('INSERT INTO `tb...', 0)
#1 C:\Users\Windows 10\Documents\SEMESTER-5\prjwebRetalMobil\system\Database\BaseConnection.php(692): CodeIgniter\Database\MySQLi\Connection->execute('INSERT INTO `tb...')
#2 C:\Users\Windows 10\Documents\SEMESTER-5\prjwebRetalMobil\system\Database\BaseConnection.php(606): CodeIgniter\Database\BaseConnection->simpleQuery('INSERT INTO `tb...')
#3 C:\Users\Windows 10\Documents\SEMESTER-5\prjwebRetalMobil\system\Database\BaseBuilder.php(2308): CodeIgniter\Database\BaseConnection->query('INSERT INTO `tb...', Array, false)
#4 C:\Users\Windows 10\Documents\SEMESTER-5\prjwebRetalMobil\app\Models\ModelPeminjaman.php(66): CodeIgniter\Database\BaseBuilder->insert(Array)
#5 C:\Users\Windows 10\Documents\SEMESTER-5\prjwebRetalMobil\app\Controllers\Peminjaman.php(35): App\Models\ModelPeminjaman->insertData(Array)
#6 C:\Users\Windows 10\Documents\SEMESTER-5\prjwebRetalMobil\system\CodeIgniter.php(919): App\Controllers\Peminjaman->save()
#7 C:\Users\Windows 10\Documents\SEMESTER-5\prjwebRetalMobil\system\CodeIgniter.php(494): CodeIgniter\CodeIgniter->runController(Object(App\Controllers\Peminjaman))
#8 C:\Users\Windows 10\Documents\SEMESTER-5\prjwebRetalMobil\system\CodeIgniter.php(353): CodeIgniter\CodeIgniter->handleRequest(NULL, Object(Config\Cache), false)
#9 C:\Users\Windows 10\Documents\SEMESTER-5\prjwebRetalMobil\public\index.php(79): CodeIgniter\CodeIgniter->run()
#10 C:\Users\Windows 10\Documents\SEMESTER-5\prjwebRetalMobil\system\Commands\Server\rewrite.php(47): require_once('C:\\Users\\Window...')
#11 {main}
CRITICAL - 2024-01-27 12:07:01 --> Unknown column 'id_mobil' in 'field list'
in SYSTEMPATH\Database\BaseConnection.php on line 646.
 1 SYSTEMPATH\Database\BaseBuilder.php(2308): CodeIgniter\Database\BaseConnection->query('INSERT INTO `tbl_transaksi` (`idpel`, `idharga`, `meterbulanini`, `meterbulanlalu`, `tglbayar`, `id_mobil`, `id_pelanggan`, `tgl_pinjam`, `lama_sewa`, `status_pembayaran`) VALUES (:idpel:, :idharga:, :meterbulanini:, :meterbulanlalu:, :tglbayar:, :id_mobil:, :id_pelanggan:, :tgl_pinjam:, :lama_sewa:, :status_pembayaran:)', [...], false)
 2 APPPATH\Models\ModelPeminjaman.php(66): CodeIgniter\Database\BaseBuilder->insert([...])
 3 APPPATH\Controllers\Peminjaman.php(35): App\Models\ModelPeminjaman->insertData([...])
 4 SYSTEMPATH\CodeIgniter.php(919): App\Controllers\Peminjaman->save()
 5 SYSTEMPATH\CodeIgniter.php(494): CodeIgniter\CodeIgniter->runController(Object(App\Controllers\Peminjaman))
 6 SYSTEMPATH\CodeIgniter.php(353): CodeIgniter\CodeIgniter->handleRequest(null, Object(Config\Cache), false)
 7 FCPATH\index.php(79): CodeIgniter\CodeIgniter->run()
 8 SYSTEMPATH\Commands\Server\rewrite.php(47): require_once('C:\\Users\\Windows 10\\Documents\\SEMESTER-5\\prjwebRetalMobil\\public\\index.php')
INFO - 2024-01-27 12:07:25 --> Session: Class initialized using 'CodeIgniter\Session\Handlers\FileHandler' driver.
INFO - 2024-01-27 12:07:41 --> Session: Class initialized using 'CodeIgniter\Session\Handlers\FileHandler' driver.
INFO - 2024-01-27 12:08:06 --> Session: Class initialized using 'CodeIgniter\Session\Handlers\FileHandler' driver.
INFO - 2024-01-27 12:08:08 --> Session: Class initialized using 'CodeIgniter\Session\Handlers\FileHandler' driver.
INFO - 2024-01-27 12:08:18 --> Session: Class initialized using 'CodeIgniter\Session\Handlers\FileHandler' driver.
INFO - 2024-01-27 12:08:39 --> Session: Class initialized using 'CodeIgniter\Session\Handlers\FileHandler' driver.
INFO - 2024-01-27 12:08:53 --> Session: Class initialized using 'CodeIgniter\Session\Handlers\FileHandler' driver.
ERROR - 2024-01-27 12:09:46 --> mysqli_sql_exception: Unknown column 'id_mobil' in 'field list' in C:\Users\Windows 10\Documents\SEMESTER-5\prjwebRetalMobil\system\Database\MySQLi\Connection.php:306
Stack trace:
#0 C:\Users\Windows 10\Documents\SEMESTER-5\prjwebRetalMobil\system\Database\MySQLi\Connection.php(306): mysqli->query('INSERT INTO `tb...', 0)
#1 C:\Users\Windows 10\Documents\SEMESTER-5\prjwebRetalMobil\system\Database\BaseConnection.php(692): CodeIgniter\Database\MySQLi\Connection->execute('INSERT INTO `tb...')
#2 C:\Users\Windows 10\Documents\SEMESTER-5\prjwebRetalMobil\system\Database\BaseConnection.php(606): CodeIgniter\Database\BaseConnection->simpleQuery('INSERT INTO `tb...')
#3 C:\Users\Windows 10\Documents\SEMESTER-5\prjwebRetalMobil\system\Database\BaseBuilder.php(2308): CodeIgniter\Database\BaseConnection->query('INSERT INTO `tb...', Array, false)
#4 C:\Users\Windows 10\Documents\SEMESTER-5\prjwebRetalMobil\app\Models\ModelPeminjaman.php(66): CodeIgniter\Database\BaseBuilder->insert(Array)
#5 C:\Users\Windows 10\Documents\SEMESTER-5\prjwebRetalMobil\app\Controllers\Peminjaman.php(35): App\Models\ModelPeminjaman->insertData(Array)
#6 C:\Users\Windows 10\Documents\SEMESTER-5\prjwebRetalMobil\system\CodeIgniter.php(919): App\Controllers\Peminjaman->save()
#7 C:\Users\Windows 10\Documents\SEMESTER-5\prjwebRetalMobil\system\CodeIgniter.php(494): CodeIgniter\CodeIgniter->runController(Object(App\Controllers\Peminjaman))
#8 C:\Users\Windows 10\Documents\SEMESTER-5\prjwebRetalMobil\system\CodeIgniter.php(353): CodeIgniter\CodeIgniter->handleRequest(NULL, Object(Config\Cache), false)
#9 C:\Users\Windows 10\Documents\SEMESTER-5\prjwebRetalMobil\public\index.php(79): CodeIgniter\CodeIgniter->run()
#10 C:\Users\Windows 10\Documents\SEMESTER-5\prjwebRetalMobil\system\Commands\Server\rewrite.php(47): require_once('C:\\Users\\Window...')
#11 {main}
CRITICAL - 2024-01-27 12:09:46 --> Unknown column 'id_mobil' in 'field list'
in SYSTEMPATH\Database\BaseConnection.php on line 646.
 1 SYSTEMPATH\Database\BaseBuilder.php(2308): CodeIgniter\Database\BaseConnection->query('INSERT INTO `tbl_transaksi` (`idpel`, `idharga`, `meterbulanini`, `meterbulanlalu`, `tglbayar`, `id_mobil`, `id_pelanggan`, `tgl_pinjam`, `lama_sewa`, `status_pembayaran`) VALUES (:idpel:, :idharga:, :meterbulanini:, :meterbulanlalu:, :tglbayar:, :id_mobil:, :id_pelanggan:, :tgl_pinjam:, :lama_sewa:, :status_pembayaran:)', [...], false)
 2 APPPATH\Models\ModelPeminjaman.php(66): CodeIgniter\Database\BaseBuilder->insert([...])
 3 APPPATH\Controllers\Peminjaman.php(35): App\Models\ModelPeminjaman->insertData([...])
 4 SYSTEMPATH\CodeIgniter.php(919): App\Controllers\Peminjaman->save()
 5 SYSTEMPATH\CodeIgniter.php(494): CodeIgniter\CodeIgniter->runController(Object(App\Controllers\Peminjaman))
 6 SYSTEMPATH\CodeIgniter.php(353): CodeIgniter\CodeIgniter->handleRequest(null, Object(Config\Cache), false)
 7 FCPATH\index.php(79): CodeIgniter\CodeIgniter->run()
 8 SYSTEMPATH\Commands\Server\rewrite.php(47): require_once('C:\\Users\\Windows 10\\Documents\\SEMESTER-5\\prjwebRetalMobil\\public\\index.php')
ERROR - 2024-01-27 12:11:47 --> mysqli_sql_exception: Unknown column 'idpel' in 'field list' in C:\Users\Windows 10\Documents\SEMESTER-5\prjwebRetalMobil\system\Database\MySQLi\Connection.php:306
Stack trace:
#0 C:\Users\Windows 10\Documents\SEMESTER-5\prjwebRetalMobil\system\Database\MySQLi\Connection.php(306): mysqli->query('INSERT INTO `tb...', 0)
#1 C:\Users\Windows 10\Documents\SEMESTER-5\prjwebRetalMobil\system\Database\BaseConnection.php(692): CodeIgniter\Database\MySQLi\Connection->execute('INSERT INTO `tb...')
#2 C:\Users\Windows 10\Documents\SEMESTER-5\prjwebRetalMobil\system\Database\BaseConnection.php(606): CodeIgniter\Database\BaseConnection->simpleQuery('INSERT INTO `tb...')
#3 C:\Users\Windows 10\Documents\SEMESTER-5\prjwebRetalMobil\system\Database\BaseBuilder.php(2308): CodeIgniter\Database\BaseConnection->query('INSERT INTO `tb...', Array, false)
#4 C:\Users\Windows 10\Documents\SEMESTER-5\prjwebRetalMobil\app\Models\ModelPeminjaman.php(66): CodeIgniter\Database\BaseBuilder->insert(Array)
#5 C:\Users\Windows 10\Documents\SEMESTER-5\prjwebRetalMobil\app\Controllers\Peminjaman.php(35): App\Models\ModelPeminjaman->insertData(Array)
#6 C:\Users\Windows 10\Documents\SEMESTER-5\prjwebRetalMobil\system\CodeIgniter.php(919): App\Controllers\Peminjaman->save()
#7 C:\Users\Windows 10\Documents\SEMESTER-5\prjwebRetalMobil\system\CodeIgniter.php(494): CodeIgniter\CodeIgniter->runController(Object(App\Controllers\Peminjaman))
#8 C:\Users\Windows 10\Documents\SEMESTER-5\prjwebRetalMobil\system\CodeIgniter.php(353): CodeIgniter\CodeIgniter->handleRequest(NULL, Object(Config\Cache), false)
#9 C:\Users\Windows 10\Documents\SEMESTER-5\prjwebRetalMobil\public\index.php(79): CodeIgniter\CodeIgniter->run()
#10 C:\Users\Windows 10\Documents\SEMESTER-5\prjwebRetalMobil\system\Commands\Server\rewrite.php(47): require_once('C:\\Users\\Window...')
#11 {main}
CRITICAL - 2024-01-27 12:11:47 --> Unknown column 'idpel' in 'field list'
in SYSTEMPATH\Database\BaseConnection.php on line 646.
 1 SYSTEMPATH\Database\BaseBuilder.php(2308): CodeIgniter\Database\BaseConnection->query('INSERT INTO `tbl_peminjaman` (`idpel`, `idharga`, `meterbulanini`, `meterbulanlalu`, `tglbayar`, `id_mobil`, `id_pelanggan`, `tgl_pinjam`, `lama_sewa`, `status_pembayaran`) VALUES (:idpel:, :idharga:, :meterbulanini:, :meterbulanlalu:, :tglbayar:, :id_mobil:, :id_pelanggan:, :tgl_pinjam:, :lama_sewa:, :status_pembayaran:)', [...], false)
 2 APPPATH\Models\ModelPeminjaman.php(66): CodeIgniter\Database\BaseBuilder->insert([...])
 3 APPPATH\Controllers\Peminjaman.php(35): App\Models\ModelPeminjaman->insertData([...])
 4 SYSTEMPATH\CodeIgniter.php(919): App\Controllers\Peminjaman->save()
 5 SYSTEMPATH\CodeIgniter.php(494): CodeIgniter\CodeIgniter->runController(Object(App\Controllers\Peminjaman))
 6 SYSTEMPATH\CodeIgniter.php(353): CodeIgniter\CodeIgniter->handleRequest(null, Object(Config\Cache), false)
 7 FCPATH\index.php(79): CodeIgniter\CodeIgniter->run()
 8 SYSTEMPATH\Commands\Server\rewrite.php(47): require_once('C:\\Users\\Windows 10\\Documents\\SEMESTER-5\\prjwebRetalMobil\\public\\index.php')
ERROR - 2024-01-27 12:15:06 --> mysqli_sql_exception: Unknown column 'idpel' in 'field list' in C:\Users\Windows 10\Documents\SEMESTER-5\prjwebRetalMobil\system\Database\MySQLi\Connection.php:306
Stack trace:
#0 C:\Users\Windows 10\Documents\SEMESTER-5\prjwebRetalMobil\system\Database\MySQLi\Connection.php(306): mysqli->query('INSERT INTO `tb...', 0)
#1 C:\Users\Windows 10\Documents\SEMESTER-5\prjwebRetalMobil\system\Database\BaseConnection.php(692): CodeIgniter\Database\MySQLi\Connection->execute('INSERT INTO `tb...')
#2 C:\Users\Windows 10\Documents\SEMESTER-5\prjwebRetalMobil\system\Database\BaseConnection.php(606): CodeIgniter\Database\BaseConnection->simpleQuery('INSERT INTO `tb...')
#3 C:\Users\Windows 10\Documents\SEMESTER-5\prjwebRetalMobil\system\Database\BaseBuilder.php(2308): CodeIgniter\Database\BaseConnection->query('INSERT INTO `tb...', Array, false)
#4 C:\Users\Windows 10\Documents\SEMESTER-5\prjwebRetalMobil\app\Models\ModelPeminjaman.php(12): CodeIgniter\Database\BaseBuilder->insert(Array)
#5 C:\Users\Windows 10\Documents\SEMESTER-5\prjwebRetalMobil\app\Controllers\Peminjaman.php(35): App\Models\ModelPeminjaman->insertData(Array)
#6 C:\Users\Windows 10\Documents\SEMESTER-5\prjwebRetalMobil\system\CodeIgniter.php(919): App\Controllers\Peminjaman->save()
#7 C:\Users\Windows 10\Documents\SEMESTER-5\prjwebRetalMobil\system\CodeIgniter.php(494): CodeIgniter\CodeIgniter->runController(Object(App\Controllers\Peminjaman))
#8 C:\Users\Windows 10\Documents\SEMESTER-5\prjwebRetalMobil\system\CodeIgniter.php(353): CodeIgniter\CodeIgniter->handleRequest(NULL, Object(Config\Cache), false)
#9 C:\Users\Windows 10\Documents\SEMESTER-5\prjwebRetalMobil\public\index.php(79): CodeIgniter\CodeIgniter->run()
#10 C:\Users\Windows 10\Documents\SEMESTER-5\prjwebRetalMobil\system\Commands\Server\rewrite.php(47): require_once('C:\\Users\\Window...')
#11 {main}
CRITICAL - 2024-01-27 12:15:06 --> Unknown column 'idpel' in 'field list'
in SYSTEMPATH\Database\BaseConnection.php on line 646.
 1 SYSTEMPATH\Database\BaseBuilder.php(2308): CodeIgniter\Database\BaseConnection->query('INSERT INTO `tbl_peminjaman` (`idpel`, `idharga`, `meterbulanini`, `meterbulanlalu`, `tglbayar`, `id_mobil`, `id_pelanggan`, `tgl_pinjam`, `lama_sewa`, `status_pembayaran`) VALUES (:idpel:, :idharga:, :meterbulanini:, :meterbulanlalu:, :tglbayar:, :id_mobil:, :id_pelanggan:, :tgl_pinjam:, :lama_sewa:, :status_pembayaran:)', [...], false)
 2 APPPATH\Models\ModelPeminjaman.php(12): CodeIgniter\Database\BaseBuilder->insert([...])
 3 APPPATH\Controllers\Peminjaman.php(35): App\Models\ModelPeminjaman->insertData([...])
 4 SYSTEMPATH\CodeIgniter.php(919): App\Controllers\Peminjaman->save()
 5 SYSTEMPATH\CodeIgniter.php(494): CodeIgniter\CodeIgniter->runController(Object(App\Controllers\Peminjaman))
 6 SYSTEMPATH\CodeIgniter.php(353): CodeIgniter\CodeIgniter->handleRequest(null, Object(Config\Cache), false)
 7 FCPATH\index.php(79): CodeIgniter\CodeIgniter->run()
 8 SYSTEMPATH\Commands\Server\rewrite.php(47): require_once('C:\\Users\\Windows 10\\Documents\\SEMESTER-5\\prjwebRetalMobil\\public\\index.php')
ERROR - 2024-01-27 12:16:01 --> mysqli_sql_exception: Cannot add or update a child row: a foreign key constraint fails (`dbprjweb2`.`tbl_peminjaman`, CONSTRAINT `tbl_peminjaman_ibfk_3` FOREIGN KEY (`id_mobil`) REFERENCES `tbl_mobil` (`id_mobil1`) ON UPDATE CASCADE) in C:\Users\Windows 10\Documents\SEMESTER-5\prjwebRetalMobil\system\Database\MySQLi\Connection.php:306
Stack trace:
#0 C:\Users\Windows 10\Documents\SEMESTER-5\prjwebRetalMobil\system\Database\MySQLi\Connection.php(306): mysqli->query('INSERT INTO `tb...', 0)
#1 C:\Users\Windows 10\Documents\SEMESTER-5\prjwebRetalMobil\system\Database\BaseConnection.php(692): CodeIgniter\Database\MySQLi\Connection->execute('INSERT INTO `tb...')
#2 C:\Users\Windows 10\Documents\SEMESTER-5\prjwebRetalMobil\system\Database\BaseConnection.php(606): CodeIgniter\Database\BaseConnection->simpleQuery('INSERT INTO `tb...')
#3 C:\Users\Windows 10\Documents\SEMESTER-5\prjwebRetalMobil\system\Database\BaseBuilder.php(2308): CodeIgniter\Database\BaseConnection->query('INSERT INTO `tb...', Array, false)
#4 C:\Users\Windows 10\Documents\SEMESTER-5\prjwebRetalMobil\app\Models\ModelPeminjaman.php(12): CodeIgniter\Database\BaseBuilder->insert(Array)
#5 C:\Users\Windows 10\Documents\SEMESTER-5\prjwebRetalMobil\app\Controllers\Peminjaman.php(31): App\Models\ModelPeminjaman->insertData(Array)
#6 C:\Users\Windows 10\Documents\SEMESTER-5\prjwebRetalMobil\system\CodeIgniter.php(919): App\Controllers\Peminjaman->save()
#7 C:\Users\Windows 10\Documents\SEMESTER-5\prjwebRetalMobil\system\CodeIgniter.php(494): CodeIgniter\CodeIgniter->runController(Object(App\Controllers\Peminjaman))
#8 C:\Users\Windows 10\Documents\SEMESTER-5\prjwebRetalMobil\system\CodeIgniter.php(353): CodeIgniter\CodeIgniter->handleRequest(NULL, Object(Config\Cache), false)
#9 C:\Users\Windows 10\Documents\SEMESTER-5\prjwebRetalMobil\public\index.php(79): CodeIgniter\CodeIgniter->run()
#10 C:\Users\Windows 10\Documents\SEMESTER-5\prjwebRetalMobil\system\Commands\Server\rewrite.php(47): require_once('C:\\Users\\Window...')
#11 {main}
CRITICAL - 2024-01-27 12:16:01 --> Cannot add or update a child row: a foreign key constraint fails (`dbprjweb2`.`tbl_peminjaman`, CONSTRAINT `tbl_peminjaman_ibfk_3` FOREIGN KEY (`id_mobil`) REFERENCES `tbl_mobil` (`id_mobil1`) ON UPDATE CASCADE)
in SYSTEMPATH\Database\BaseConnection.php on line 646.
 1 SYSTEMPATH\Database\BaseBuilder.php(2308): CodeIgniter\Database\BaseConnection->query('INSERT INTO `tbl_peminjaman` (`id_mobil`, `id_pelanggan`, `tgl_pinjam`, `lama_sewa`, `status_pembayaran`) VALUES (:id_mobil:, :id_pelanggan:, :tgl_pinjam:, :lama_sewa:, :status_pembayaran:)', [...], false)
 2 APPPATH\Models\ModelPeminjaman.php(12): CodeIgniter\Database\BaseBuilder->insert([...])
 3 APPPATH\Controllers\Peminjaman.php(31): App\Models\ModelPeminjaman->insertData([...])
 4 SYSTEMPATH\CodeIgniter.php(919): App\Controllers\Peminjaman->save()
 5 SYSTEMPATH\CodeIgniter.php(494): CodeIgniter\CodeIgniter->runController(Object(App\Controllers\Peminjaman))
 6 SYSTEMPATH\CodeIgniter.php(353): CodeIgniter\CodeIgniter->handleRequest(null, Object(Config\Cache), false)
 7 FCPATH\index.php(79): CodeIgniter\CodeIgniter->run()
 8 SYSTEMPATH\Commands\Server\rewrite.php(47): require_once('C:\\Users\\Windows 10\\Documents\\SEMESTER-5\\prjwebRetalMobil\\public\\index.php')
ERROR - 2024-01-27 12:23:35 --> mysqli_sql_exception: Cannot add or update a child row: a foreign key constraint fails (`dbprjweb2`.`tbl_peminjaman`, CONSTRAINT `tbl_peminjaman_ibfk_3` FOREIGN KEY (`id_mobil`) REFERENCES `tbl_mobil` (`id_mobil1`) ON UPDATE CASCADE) in C:\Users\Windows 10\Documents\SEMESTER-5\prjwebRetalMobil\system\Database\MySQLi\Connection.php:306
Stack trace:
#0 C:\Users\Windows 10\Documents\SEMESTER-5\prjwebRetalMobil\system\Database\MySQLi\Connection.php(306): mysqli->query('INSERT INTO `tb...', 0)
#1 C:\Users\Windows 10\Documents\SEMESTER-5\prjwebRetalMobil\system\Database\BaseConnection.php(692): CodeIgniter\Database\MySQLi\Connection->execute('INSERT INTO `tb...')
#2 C:\Users\Windows 10\Documents\SEMESTER-5\prjwebRetalMobil\system\Database\BaseConnection.php(606): CodeIgniter\Database\BaseConnection->simpleQuery('INSERT INTO `tb...')
#3 C:\Users\Windows 10\Documents\SEMESTER-5\prjwebRetalMobil\system\Database\BaseBuilder.php(2308): CodeIgniter\Database\BaseConnection->query('INSERT INTO `tb...', Array, false)
#4 C:\Users\Windows 10\Documents\SEMESTER-5\prjwebRetalMobil\app\Models\ModelPeminjaman.php(28): CodeIgniter\Database\BaseBuilder->insert(Array)
#5 C:\Users\Windows 10\Documents\SEMESTER-5\prjwebRetalMobil\app\Controllers\Peminjaman.php(31): App\Models\ModelPeminjaman->insertData(Array)
#6 C:\Users\Windows 10\Documents\SEMESTER-5\prjwebRetalMobil\system\CodeIgniter.php(919): App\Controllers\Peminjaman->save()
#7 C:\Users\Windows 10\Documents\SEMESTER-5\prjwebRetalMobil\system\CodeIgniter.php(494): CodeIgniter\CodeIgniter->runController(Object(App\Controllers\Peminjaman))
#8 C:\Users\Windows 10\Documents\SEMESTER-5\prjwebRetalMobil\system\CodeIgniter.php(353): CodeIgniter\CodeIgniter->handleRequest(NULL, Object(Config\Cache), false)
#9 C:\Users\Windows 10\Documents\SEMESTER-5\prjwebRetalMobil\public\index.php(79): CodeIgniter\CodeIgniter->run()
#10 C:\Users\Windows 10\Documents\SEMESTER-5\prjwebRetalMobil\system\Commands\Server\rewrite.php(47): require_once('C:\\Users\\Window...')
#11 {main}
CRITICAL - 2024-01-27 12:23:35 --> Cannot add or update a child row: a foreign key constraint fails (`dbprjweb2`.`tbl_peminjaman`, CONSTRAINT `tbl_peminjaman_ibfk_3` FOREIGN KEY (`id_mobil`) REFERENCES `tbl_mobil` (`id_mobil1`) ON UPDATE CASCADE)
in SYSTEMPATH\Database\BaseConnection.php on line 646.
 1 SYSTEMPATH\Database\BaseBuilder.php(2308): CodeIgniter\Database\BaseConnection->query('INSERT INTO `tbl_peminjaman` (`id_mobil`, `id_pelanggan`, `tgl_pinjam`, `lama_sewa`, `status_pembayaran`) VALUES (:id_mobil:, :id_pelanggan:, :tgl_pinjam:, :lama_sewa:, :status_pembayaran:)', [...], false)
 2 APPPATH\Models\ModelPeminjaman.php(28): CodeIgniter\Database\BaseBuilder->insert([...])
 3 APPPATH\Controllers\Peminjaman.php(31): App\Models\ModelPeminjaman->insertData([...])
 4 SYSTEMPATH\CodeIgniter.php(919): App\Controllers\Peminjaman->save()
 5 SYSTEMPATH\CodeIgniter.php(494): CodeIgniter\CodeIgniter->runController(Object(App\Controllers\Peminjaman))
 6 SYSTEMPATH\CodeIgniter.php(353): CodeIgniter\CodeIgniter->handleRequest(null, Object(Config\Cache), false)
 7 FCPATH\index.php(79): CodeIgniter\CodeIgniter->run()
 8 SYSTEMPATH\Commands\Server\rewrite.php(47): require_once('C:\\Users\\Windows 10\\Documents\\SEMESTER-5\\prjwebRetalMobil\\public\\index.php')
INFO - 2024-01-27 12:24:51 --> Session: Class initialized using 'CodeIgniter\Session\Handlers\FileHandler' driver.
INFO - 2024-01-27 12:24:56 --> Session: Class initialized using 'CodeIgniter\Session\Handlers\FileHandler' driver.
INFO - 2024-01-27 15:56:17 --> Session: Class initialized using 'CodeIgniter\Session\Handlers\FileHandler' driver.
INFO - 2024-01-27 15:57:04 --> Session: Class initialized using 'CodeIgniter\Session\Handlers\FileHandler' driver.
INFO - 2024-01-27 15:58:15 --> Session: Class initialized using 'CodeIgniter\Session\Handlers\FileHandler' driver.
INFO - 2024-01-27 15:59:02 --> Session: Class initialized using 'CodeIgniter\Session\Handlers\FileHandler' driver.
INFO - 2024-01-27 15:59:22 --> Session: Class initialized using 'CodeIgniter\Session\Handlers\FileHandler' driver.
INFO - 2024-01-27 16:01:00 --> Session: Class initialized using 'CodeIgniter\Session\Handlers\FileHandler' driver.
INFO - 2024-01-27 16:01:50 --> Session: Class initialized using 'CodeIgniter\Session\Handlers\FileHandler' driver.
INFO - 2024-01-27 16:02:08 --> Session: Class initialized using 'CodeIgniter\Session\Handlers\FileHandler' driver.
INFO - 2024-01-27 16:07:31 --> Session: Class initialized using 'CodeIgniter\Session\Handlers\FileHandler' driver.
INFO - 2024-01-27 16:08:02 --> Session: Class initialized using 'CodeIgniter\Session\Handlers\FileHandler' driver.
INFO - 2024-01-27 16:08:20 --> Session: Class initialized using 'CodeIgniter\Session\Handlers\FileHandler' driver.
INFO - 2024-01-27 16:10:42 --> Session: Class initialized using 'CodeIgniter\Session\Handlers\FileHandler' driver.
INFO - 2024-01-27 16:15:42 --> Session: Class initialized using 'CodeIgniter\Session\Handlers\FileHandler' driver.
INFO - 2024-01-27 16:16:02 --> Session: Class initialized using 'CodeIgniter\Session\Handlers\FileHandler' driver.
INFO - 2024-01-27 16:16:46 --> Session: Class initialized using 'CodeIgniter\Session\Handlers\FileHandler' driver.
INFO - 2024-01-27 16:27:14 --> Session: Class initialized using 'CodeIgniter\Session\Handlers\FileHandler' driver.
INFO - 2024-01-27 16:27:14 --> Session: Class initialized using 'CodeIgniter\Session\Handlers\FileHandler' driver.
INFO - 2024-01-27 16:27:26 --> Session: Class initialized using 'CodeIgniter\Session\Handlers\FileHandler' driver.
INFO - 2024-01-27 16:27:53 --> Session: Class initialized using 'CodeIgniter\Session\Handlers\FileHandler' driver.
INFO - 2024-01-27 16:29:31 --> Session: Class initialized using 'CodeIgniter\Session\Handlers\FileHandler' driver.
INFO - 2024-01-27 16:29:49 --> Session: Class initialized using 'CodeIgniter\Session\Handlers\FileHandler' driver.
INFO - 2024-01-27 16:30:53 --> Session: Class initialized using 'CodeIgniter\Session\Handlers\FileHandler' driver.
INFO - 2024-01-27 16:31:56 --> Session: Class initialized using 'CodeIgniter\Session\Handlers\FileHandler' driver.
INFO - 2024-01-27 16:31:58 --> Session: Class initialized using 'CodeIgniter\Session\Handlers\FileHandler' driver.
INFO - 2024-01-27 16:32:07 --> Session: Class initialized using 'CodeIgniter\Session\Handlers\FileHandler' driver.
INFO - 2024-01-27 16:32:38 --> Session: Class initialized using 'CodeIgniter\Session\Handlers\FileHandler' driver.
INFO - 2024-01-27 16:32:44 --> Session: Class initialized using 'CodeIgniter\Session\Handlers\FileHandler' driver.
INFO - 2024-01-27 16:34:24 --> Session: Class initialized using 'CodeIgniter\Session\Handlers\FileHandler' driver.
INFO - 2024-01-27 16:35:21 --> Session: Class initialized using 'CodeIgniter\Session\Handlers\FileHandler' driver.
INFO - 2024-01-27 16:36:08 --> Session: Class initialized using 'CodeIgniter\Session\Handlers\FileHandler' driver.
INFO - 2024-01-27 16:37:18 --> Session: Class initialized using 'CodeIgniter\Session\Handlers\FileHandler' driver.
INFO - 2024-01-27 16:39:38 --> Session: Class initialized using 'CodeIgniter\Session\Handlers\FileHandler' driver.
INFO - 2024-01-27 16:39:58 --> Session: Class initialized using 'CodeIgniter\Session\Handlers\FileHandler' driver.
INFO - 2024-01-27 16:40:30 --> Session: Class initialized using 'CodeIgniter\Session\Handlers\FileHandler' driver.
INFO - 2024-01-27 16:44:09 --> Session: Class initialized using 'CodeIgniter\Session\Handlers\FileHandler' driver.
INFO - 2024-01-27 16:48:20 --> Session: Class initialized using 'CodeIgniter\Session\Handlers\FileHandler' driver.
INFO - 2024-01-27 16:48:45 --> Session: Class initialized using 'CodeIgniter\Session\Handlers\FileHandler' driver.
INFO - 2024-01-27 16:49:13 --> Session: Class initialized using 'CodeIgniter\Session\Handlers\FileHandler' driver.
CRITICAL - 2024-01-27 16:49:32 --> Undefined array key "lama_sewa"
in APPPATH\Views\peminjaman\v_peminjaman.php on line 55.
 1 APPPATH\Views\peminjaman\v_peminjaman.php(55): CodeIgniter\Debug\Exceptions->errorHandler(2, 'Undefined array key "lama_sewa"', 'C:\\Users\\Windows 10\\Documents\\SEMESTER-5\\prjwebRetalMobil\\app\\Views\\peminjaman\\v_peminjaman.php', 55)
 2 SYSTEMPATH\View\View.php(226): include('C:\\Users\\Windows 10\\Documents\\SEMESTER-5\\prjwebRetalMobil\\app\\Views\\peminjaman\\v_peminjaman.php')
 3 SYSTEMPATH\View\View.php(229): CodeIgniter\View\View->CodeIgniter\View\{closure}()
 4 SYSTEMPATH\Common.php(1188): CodeIgniter\View\View->render('peminjaman/v_peminjaman', [], true)
 5 APPPATH\Controllers\Peminjaman.php(15): view('peminjaman/v_peminjaman', [...])
 6 SYSTEMPATH\CodeIgniter.php(919): App\Controllers\Peminjaman->index()
 7 SYSTEMPATH\CodeIgniter.php(494): CodeIgniter\CodeIgniter->runController(Object(App\Controllers\Peminjaman))
 8 SYSTEMPATH\CodeIgniter.php(353): CodeIgniter\CodeIgniter->handleRequest(null, Object(Config\Cache), false)
 9 FCPATH\index.php(79): CodeIgniter\CodeIgniter->run()
10 SYSTEMPATH\Commands\Server\rewrite.php(47): require_once('C:\\Users\\Windows 10\\Documents\\SEMESTER-5\\prjwebRetalMobil\\public\\index.php')
INFO - 2024-01-27 16:53:41 --> Session: Class initialized using 'CodeIgniter\Session\Handlers\FileHandler' driver.
CRITICAL - 2024-01-27 16:54:03 --> Undefined array key "lama_sewa"
in APPPATH\Views\peminjaman\v_peminjaman.php on line 55.
 1 APPPATH\Views\peminjaman\v_peminjaman.php(55): CodeIgniter\Debug\Exceptions->errorHandler(2, 'Undefined array key "lama_sewa"', 'C:\\Users\\Windows 10\\Documents\\SEMESTER-5\\prjwebRetalMobil\\app\\Views\\peminjaman\\v_peminjaman.php', 55)
 2 SYSTEMPATH\View\View.php(226): include('C:\\Users\\Windows 10\\Documents\\SEMESTER-5\\prjwebRetalMobil\\app\\Views\\peminjaman\\v_peminjaman.php')
 3 SYSTEMPATH\View\View.php(229): CodeIgniter\View\View->CodeIgniter\View\{closure}()
 4 SYSTEMPATH\Common.php(1188): CodeIgniter\View\View->render('peminjaman/v_peminjaman', [], true)
 5 APPPATH\Controllers\Peminjaman.php(15): view('peminjaman/v_peminjaman', [...])
 6 SYSTEMPATH\CodeIgniter.php(919): App\Controllers\Peminjaman->index()
 7 SYSTEMPATH\CodeIgniter.php(494): CodeIgniter\CodeIgniter->runController(Object(App\Controllers\Peminjaman))
 8 SYSTEMPATH\CodeIgniter.php(353): CodeIgniter\CodeIgniter->handleRequest(null, Object(Config\Cache), false)
 9 FCPATH\index.php(79): CodeIgniter\CodeIgniter->run()
10 SYSTEMPATH\Commands\Server\rewrite.php(47): require_once('C:\\Users\\Windows 10\\Documents\\SEMESTER-5\\prjwebRetalMobil\\public\\index.php')
CRITICAL - 2024-01-27 16:58:04 --> Undefined variable $sewaperhari
in APPPATH\Views\peminjaman\v_peminjaman.php on line 56.
 1 APPPATH\Views\peminjaman\v_peminjaman.php(56): CodeIgniter\Debug\Exceptions->errorHandler(2, 'Undefined variable $sewaperhari', 'C:\\Users\\Windows 10\\Documents\\SEMESTER-5\\prjwebRetalMobil\\app\\Views\\peminjaman\\v_peminjaman.php', 56)
 2 SYSTEMPATH\View\View.php(226): include('C:\\Users\\Windows 10\\Documents\\SEMESTER-5\\prjwebRetalMobil\\app\\Views\\peminjaman\\v_peminjaman.php')
 3 SYSTEMPATH\View\View.php(229): CodeIgniter\View\View->CodeIgniter\View\{closure}()
 4 SYSTEMPATH\Common.php(1188): CodeIgniter\View\View->render('peminjaman/v_peminjaman', [], true)
 5 APPPATH\Controllers\Peminjaman.php(15): view('peminjaman/v_peminjaman', [...])
 6 SYSTEMPATH\CodeIgniter.php(919): App\Controllers\Peminjaman->index()
 7 SYSTEMPATH\CodeIgniter.php(494): CodeIgniter\CodeIgniter->runController(Object(App\Controllers\Peminjaman))
 8 SYSTEMPATH\CodeIgniter.php(353): CodeIgniter\CodeIgniter->handleRequest(null, Object(Config\Cache), false)
 9 FCPATH\index.php(79): CodeIgniter\CodeIgniter->run()
10 SYSTEMPATH\Commands\Server\rewrite.php(47): require_once('C:\\Users\\Windows 10\\Documents\\SEMESTER-5\\prjwebRetalMobil\\public\\index.php')
CRITICAL - 2024-01-27 16:59:56 --> Undefined array key "lama_sewa"
in APPPATH\Views\peminjaman\v_peminjaman.php on line 53.
 1 APPPATH\Views\peminjaman\v_peminjaman.php(53): CodeIgniter\Debug\Exceptions->errorHandler(2, 'Undefined array key "lama_sewa"', 'C:\\Users\\Windows 10\\Documents\\SEMESTER-5\\prjwebRetalMobil\\app\\Views\\peminjaman\\v_peminjaman.php', 53)
 2 SYSTEMPATH\View\View.php(226): include('C:\\Users\\Windows 10\\Documents\\SEMESTER-5\\prjwebRetalMobil\\app\\Views\\peminjaman\\v_peminjaman.php')
 3 SYSTEMPATH\View\View.php(229): CodeIgniter\View\View->CodeIgniter\View\{closure}()
 4 SYSTEMPATH\Common.php(1188): CodeIgniter\View\View->render('peminjaman/v_peminjaman', [], true)
 5 APPPATH\Controllers\Peminjaman.php(15): view('peminjaman/v_peminjaman', [...])
 6 SYSTEMPATH\CodeIgniter.php(919): App\Controllers\Peminjaman->index()
 7 SYSTEMPATH\CodeIgniter.php(494): CodeIgniter\CodeIgniter->runController(Object(App\Controllers\Peminjaman))
 8 SYSTEMPATH\CodeIgniter.php(353): CodeIgniter\CodeIgniter->handleRequest(null, Object(Config\Cache), false)
 9 FCPATH\index.php(79): CodeIgniter\CodeIgniter->run()
10 SYSTEMPATH\Commands\Server\rewrite.php(47): require_once('C:\\Users\\Windows 10\\Documents\\SEMESTER-5\\prjwebRetalMobil\\public\\index.php')
CRITICAL - 2024-01-27 17:01:28 --> Undefined array key "id_peminjaman"
in APPPATH\Views\peminjaman\v_peminjaman.php on line 59.
 1 APPPATH\Views\peminjaman\v_peminjaman.php(59): CodeIgniter\Debug\Exceptions->errorHandler(2, 'Undefined array key "id_peminjaman"', 'C:\\Users\\Windows 10\\Documents\\SEMESTER-5\\prjwebRetalMobil\\app\\Views\\peminjaman\\v_peminjaman.php', 59)
 2 SYSTEMPATH\View\View.php(226): include('C:\\Users\\Windows 10\\Documents\\SEMESTER-5\\prjwebRetalMobil\\app\\Views\\peminjaman\\v_peminjaman.php')
 3 SYSTEMPATH\View\View.php(229): CodeIgniter\View\View->CodeIgniter\View\{closure}()
 4 SYSTEMPATH\Common.php(1188): CodeIgniter\View\View->render('peminjaman/v_peminjaman', [], true)
 5 APPPATH\Controllers\Peminjaman.php(15): view('peminjaman/v_peminjaman', [...])
 6 SYSTEMPATH\CodeIgniter.php(919): App\Controllers\Peminjaman->index()
 7 SYSTEMPATH\CodeIgniter.php(494): CodeIgniter\CodeIgniter->runController(Object(App\Controllers\Peminjaman))
 8 SYSTEMPATH\CodeIgniter.php(353): CodeIgniter\CodeIgniter->handleRequest(null, Object(Config\Cache), false)
 9 FCPATH\index.php(79): CodeIgniter\CodeIgniter->run()
10 SYSTEMPATH\Commands\Server\rewrite.php(47): require_once('C:\\Users\\Windows 10\\Documents\\SEMESTER-5\\prjwebRetalMobil\\public\\index.php')
CRITICAL - 2024-01-27 17:02:08 --> Undefined array key "lama_sewa"
in APPPATH\Views\peminjaman\v_peminjaman.php on line 63.
 1 APPPATH\Views\peminjaman\v_peminjaman.php(63): CodeIgniter\Debug\Exceptions->errorHandler(2, 'Undefined array key "lama_sewa"', 'C:\\Users\\Windows 10\\Documents\\SEMESTER-5\\prjwebRetalMobil\\app\\Views\\peminjaman\\v_peminjaman.php', 63)
 2 SYSTEMPATH\View\View.php(226): include('C:\\Users\\Windows 10\\Documents\\SEMESTER-5\\prjwebRetalMobil\\app\\Views\\peminjaman\\v_peminjaman.php')
 3 SYSTEMPATH\View\View.php(229): CodeIgniter\View\View->CodeIgniter\View\{closure}()
 4 SYSTEMPATH\Common.php(1188): CodeIgniter\View\View->render('peminjaman/v_peminjaman', [], true)
 5 APPPATH\Controllers\Peminjaman.php(15): view('peminjaman/v_peminjaman', [...])
 6 SYSTEMPATH\CodeIgniter.php(919): App\Controllers\Peminjaman->index()
 7 SYSTEMPATH\CodeIgniter.php(494): CodeIgniter\CodeIgniter->runController(Object(App\Controllers\Peminjaman))
 8 SYSTEMPATH\CodeIgniter.php(353): CodeIgniter\CodeIgniter->handleRequest(null, Object(Config\Cache), false)
 9 FCPATH\index.php(79): CodeIgniter\CodeIgniter->run()
10 SYSTEMPATH\Commands\Server\rewrite.php(47): require_once('C:\\Users\\Windows 10\\Documents\\SEMESTER-5\\prjwebRetalMobil\\public\\index.php')
CRITICAL - 2024-01-27 17:02:21 --> Undefined array key "lama_sewa"
in APPPATH\Views\peminjaman\v_peminjaman.php on line 69.
 1 APPPATH\Views\peminjaman\v_peminjaman.php(69): CodeIgniter\Debug\Exceptions->errorHandler(2, 'Undefined array key "lama_sewa"', 'C:\\Users\\Windows 10\\Documents\\SEMESTER-5\\prjwebRetalMobil\\app\\Views\\peminjaman\\v_peminjaman.php', 69)
 2 SYSTEMPATH\View\View.php(226): include('C:\\Users\\Windows 10\\Documents\\SEMESTER-5\\prjwebRetalMobil\\app\\Views\\peminjaman\\v_peminjaman.php')
 3 SYSTEMPATH\View\View.php(229): CodeIgniter\View\View->CodeIgniter\View\{closure}()
 4 SYSTEMPATH\Common.php(1188): CodeIgniter\View\View->render('peminjaman/v_peminjaman', [], true)
 5 APPPATH\Controllers\Peminjaman.php(15): view('peminjaman/v_peminjaman', [...])
 6 SYSTEMPATH\CodeIgniter.php(919): App\Controllers\Peminjaman->index()
 7 SYSTEMPATH\CodeIgniter.php(494): CodeIgniter\CodeIgniter->runController(Object(App\Controllers\Peminjaman))
 8 SYSTEMPATH\CodeIgniter.php(353): CodeIgniter\CodeIgniter->handleRequest(null, Object(Config\Cache), false)
 9 FCPATH\index.php(79): CodeIgniter\CodeIgniter->run()
10 SYSTEMPATH\Commands\Server\rewrite.php(47): require_once('C:\\Users\\Windows 10\\Documents\\SEMESTER-5\\prjwebRetalMobil\\public\\index.php')
CRITICAL - 2024-01-27 17:02:27 --> Undefined array key "lama_sewa"
in APPPATH\Views\peminjaman\v_peminjaman.php on line 69.
 1 APPPATH\Views\peminjaman\v_peminjaman.php(69): CodeIgniter\Debug\Exceptions->errorHandler(2, 'Undefined array key "lama_sewa"', 'C:\\Users\\Windows 10\\Documents\\SEMESTER-5\\prjwebRetalMobil\\app\\Views\\peminjaman\\v_peminjaman.php', 69)
 2 SYSTEMPATH\View\View.php(226): include('C:\\Users\\Windows 10\\Documents\\SEMESTER-5\\prjwebRetalMobil\\app\\Views\\peminjaman\\v_peminjaman.php')
 3 SYSTEMPATH\View\View.php(229): CodeIgniter\View\View->CodeIgniter\View\{closure}()
 4 SYSTEMPATH\Common.php(1188): CodeIgniter\View\View->render('peminjaman/v_peminjaman', [], true)
 5 APPPATH\Controllers\Peminjaman.php(15): view('peminjaman/v_peminjaman', [...])
 6 SYSTEMPATH\CodeIgniter.php(919): App\Controllers\Peminjaman->index()
 7 SYSTEMPATH\CodeIgniter.php(494): CodeIgniter\CodeIgniter->runController(Object(App\Controllers\Peminjaman))
 8 SYSTEMPATH\CodeIgniter.php(353): CodeIgniter\CodeIgniter->handleRequest(null, Object(Config\Cache), false)
 9 FCPATH\index.php(79): CodeIgniter\CodeIgniter->run()
10 SYSTEMPATH\Commands\Server\rewrite.php(47): require_once('C:\\Users\\Windows 10\\Documents\\SEMESTER-5\\prjwebRetalMobil\\public\\index.php')
INFO - 2024-01-27 17:03:09 --> Session: Class initialized using 'CodeIgniter\Session\Handlers\FileHandler' driver.
INFO - 2024-01-27 17:03:37 --> Session: Class initialized using 'CodeIgniter\Session\Handlers\FileHandler' driver.
INFO - 2024-01-27 17:04:01 --> Session: Class initialized using 'CodeIgniter\Session\Handlers\FileHandler' driver.
INFO - 2024-01-27 17:04:48 --> Session: Class initialized using 'CodeIgniter\Session\Handlers\FileHandler' driver.
INFO - 2024-01-27 17:05:12 --> Session: Class initialized using 'CodeIgniter\Session\Handlers\FileHandler' driver.
INFO - 2024-01-27 17:10:10 --> Session: Class initialized using 'CodeIgniter\Session\Handlers\FileHandler' driver.
INFO - 2024-01-27 17:10:19 --> Session: Class initialized using 'CodeIgniter\Session\Handlers\FileHandler' driver.
INFO - 2024-01-27 17:10:41 --> Session: Class initialized using 'CodeIgniter\Session\Handlers\FileHandler' driver.
INFO - 2024-01-27 17:16:02 --> Session: Class initialized using 'CodeIgniter\Session\Handlers\FileHandler' driver.
INFO - 2024-01-27 17:16:19 --> Session: Class initialized using 'CodeIgniter\Session\Handlers\FileHandler' driver.
INFO - 2024-01-27 17:16:38 --> Session: Class initialized using 'CodeIgniter\Session\Handlers\FileHandler' driver.
INFO - 2024-01-27 17:17:58 --> Session: Class initialized using 'CodeIgniter\Session\Handlers\FileHandler' driver.
INFO - 2024-01-27 17:18:17 --> Session: Class initialized using 'CodeIgniter\Session\Handlers\FileHandler' driver.
CRITICAL - 2024-01-27 17:21:46 --> Undefined array key "id_Peminjam"
in APPPATH\Views\peminjaman\v_peminjaman.php on line 59.
 1 APPPATH\Views\peminjaman\v_peminjaman.php(59): CodeIgniter\Debug\Exceptions->errorHandler(2, 'Undefined array key "id_Peminjam"', 'C:\\Users\\Windows 10\\Documents\\SEMESTER-5\\prjwebRetalMobil\\app\\Views\\peminjaman\\v_peminjaman.php', 59)
 2 SYSTEMPATH\View\View.php(226): include('C:\\Users\\Windows 10\\Documents\\SEMESTER-5\\prjwebRetalMobil\\app\\Views\\peminjaman\\v_peminjaman.php')
 3 SYSTEMPATH\View\View.php(229): CodeIgniter\View\View->CodeIgniter\View\{closure}()
 4 SYSTEMPATH\Common.php(1188): CodeIgniter\View\View->render('peminjaman/v_peminjaman', [], true)
 5 APPPATH\Controllers\Peminjaman.php(15): view('peminjaman/v_peminjaman', [...])
 6 SYSTEMPATH\CodeIgniter.php(919): App\Controllers\Peminjaman->index()
 7 SYSTEMPATH\CodeIgniter.php(494): CodeIgniter\CodeIgniter->runController(Object(App\Controllers\Peminjaman))
 8 SYSTEMPATH\CodeIgniter.php(353): CodeIgniter\CodeIgniter->handleRequest(null, Object(Config\Cache), false)
 9 FCPATH\index.php(79): CodeIgniter\CodeIgniter->run()
10 SYSTEMPATH\Commands\Server\rewrite.php(47): require_once('C:\\Users\\Windows 10\\Documents\\SEMESTER-5\\prjwebRetalMobil\\public\\index.php')
INFO - 2024-01-27 17:21:57 --> Session: Class initialized using 'CodeIgniter\Session\Handlers\FileHandler' driver.
INFO - 2024-01-27 17:22:26 --> Session: Class initialized using 'CodeIgniter\Session\Handlers\FileHandler' driver.
INFO - 2024-01-27 17:23:51 --> Session: Class initialized using 'CodeIgniter\Session\Handlers\FileHandler' driver.
INFO - 2024-01-27 17:25:29 --> Session: Class initialized using 'CodeIgniter\Session\Handlers\FileHandler' driver.
INFO - 2024-01-27 17:25:54 --> Session: Class initialized using 'CodeIgniter\Session\Handlers\FileHandler' driver.
INFO - 2024-01-27 17:32:00 --> Session: Class initialized using 'CodeIgniter\Session\Handlers\FileHandler' driver.
INFO - 2024-01-27 17:32:16 --> Session: Class initialized using 'CodeIgniter\Session\Handlers\FileHandler' driver.
INFO - 2024-01-27 17:32:32 --> Session: Class initialized using 'CodeIgniter\Session\Handlers\FileHandler' driver.
INFO - 2024-01-27 17:32:53 --> Session: Class initialized using 'CodeIgniter\Session\Handlers\FileHandler' driver.
INFO - 2024-01-27 17:34:10 --> Session: Class initialized using 'CodeIgniter\Session\Handlers\FileHandler' driver.
INFO - 2024-01-27 17:34:38 --> Session: Class initialized using 'CodeIgniter\Session\Handlers\FileHandler' driver.
INFO - 2024-01-27 17:35:01 --> Session: Class initialized using 'CodeIgniter\Session\Handlers\FileHandler' driver.
INFO - 2024-01-27 17:35:36 --> Session: Class initialized using 'CodeIgniter\Session\Handlers\FileHandler' driver.
INFO - 2024-01-27 17:35:56 --> Session: Class initialized using 'CodeIgniter\Session\Handlers\FileHandler' driver.
INFO - 2024-01-27 17:36:14 --> Session: Class initialized using 'CodeIgniter\Session\Handlers\FileHandler' driver.
INFO - 2024-01-27 17:36:59 --> Session: Class initialized using 'CodeIgniter\Session\Handlers\FileHandler' driver.
