INFO - 2024-01-28 13:21:33 --> Session: Class initialized using 'CodeIgniter\Session\Handlers\FileHandler' driver.
INFO - 2024-01-28 13:24:22 --> Session: Class initialized using 'CodeIgniter\Session\Handlers\FileHandler' driver.
INFO - 2024-01-28 13:28:33 --> Session: Class initialized using 'CodeIgniter\Session\Handlers\FileHandler' driver.
INFO - 2024-01-28 13:28:42 --> Session: Class initialized using 'CodeIgniter\Session\Handlers\FileHandler' driver.
INFO - 2024-01-28 13:29:58 --> Session: Class initialized using 'CodeIgniter\Session\Handlers\FileHandler' driver.
INFO - 2024-01-28 13:30:03 --> Session: Class initialized using 'CodeIgniter\Session\Handlers\FileHandler' driver.
INFO - 2024-01-28 13:30:13 --> Session: Class initialized using 'CodeIgniter\Session\Handlers\FileHandler' driver.
INFO - 2024-01-28 13:38:37 --> Session: Class initialized using 'CodeIgniter\Session\Handlers\FileHandler' driver.
INFO - 2024-01-28 13:38:41 --> Session: Class initialized using 'CodeIgniter\Session\Handlers\FileHandler' driver.
CRITICAL - 2024-01-28 13:39:23 --> Invalid file: "mobil/v_mobil1.php"
in SYSTEMPATH\Exceptions\FrameworkException.php on line 39.
 1 SYSTEMPATH\View\View.php(214): CodeIgniter\Exceptions\FrameworkException::forInvalidFile('mobil/v_mobil1.php')
 2 SYSTEMPATH\Common.php(1188): CodeIgniter\View\View->render('mobil/v_mobil1', [], true)
 3 APPPATH\Controllers\Mobil.php(13): view('mobil/v_mobil1', [...])
 4 SYSTEMPATH\CodeIgniter.php(919): App\Controllers\Mobil->index()
 5 SYSTEMPATH\CodeIgniter.php(494): CodeIgniter\CodeIgniter->runController(Object(App\Controllers\Mobil))
 6 SYSTEMPATH\CodeIgniter.php(353): CodeIgniter\CodeIgniter->handleRequest(null, Object(Config\Cache), false)
 7 FCPATH\index.php(79): CodeIgniter\CodeIgniter->run()
 8 SYSTEMPATH\Commands\Server\rewrite.php(47): require_once('C:\\Users\\Windows 10\\Documents\\SEMESTER-5\\prjwebRetalMobil\\public\\index.php')
INFO - 2024-01-28 13:39:37 --> Session: Class initialized using 'CodeIgniter\Session\Handlers\FileHandler' driver.
INFO - 2024-01-28 13:40:17 --> Session: Class initialized using 'CodeIgniter\Session\Handlers\FileHandler' driver.
INFO - 2024-01-28 13:40:23 --> Session: Class initialized using 'CodeIgniter\Session\Handlers\FileHandler' driver.
INFO - 2024-01-28 13:41:01 --> Session: Class initialized using 'CodeIgniter\Session\Handlers\FileHandler' driver.
INFO - 2024-01-28 13:41:09 --> Session: Class initialized using 'CodeIgniter\Session\Handlers\FileHandler' driver.
CRITICAL - 2024-01-28 13:53:21 --> Undefined array key "id_peminjaman"
in APPPATH\Views\peminjaman\v_peminjaman.php on line 59.
 1 APPPATH\Views\peminjaman\v_peminjaman.php(59): CodeIgniter\Debug\Exceptions->errorHandler(2, 'Undefined array key "id_peminjaman"', 'C:\\Users\\Windows 10\\Documents\\SEMESTER-5\\prjwebRetalMobil\\app\\Views\\peminjaman\\v_peminjaman.php', 59)
 2 SYSTEMPATH\View\View.php(226): include('C:\\Users\\Windows 10\\Documents\\SEMESTER-5\\prjwebRetalMobil\\app\\Views\\peminjaman\\v_peminjaman.php')
 3 SYSTEMPATH\View\View.php(229): CodeIgniter\View\View->CodeIgniter\View\{closure}()
 4 SYSTEMPATH\Common.php(1188): CodeIgniter\View\View->render('peminjaman/v_peminjaman', [], true)
 5 APPPATH\Controllers\Peminjaman.php(15): view('peminjaman/v_peminjaman', [...])
 6 SYSTEMPATH\CodeIgniter.php(919): App\Controllers\Peminjaman->index()
 7 SYSTEMPATH\CodeIgniter.php(494): CodeIgniter\CodeIgniter->runController(Object(App\Controllers\Peminjaman))
 8 SYSTEMPATH\CodeIgniter.php(353): CodeIgniter\CodeIgniter->handleRequest(null, Object(Config\Cache), false)
 9 FCPATH\index.php(79): CodeIgniter\CodeIgniter->run()
10 SYSTEMPATH\Commands\Server\rewrite.php(47): require_once('C:\\Users\\Windows 10\\Documents\\SEMESTER-5\\prjwebRetalMobil\\public\\index.php')
CRITICAL - 2024-01-28 13:54:14 --> Undefined array key "id_peminjaman"
in APPPATH\Views\peminjaman\v_peminjaman.php on line 59.
 1 APPPATH\Views\peminjaman\v_peminjaman.php(59): CodeIgniter\Debug\Exceptions->errorHandler(2, 'Undefined array key "id_peminjaman"', 'C:\\Users\\Windows 10\\Documents\\SEMESTER-5\\prjwebRetalMobil\\app\\Views\\peminjaman\\v_peminjaman.php', 59)
 2 SYSTEMPATH\View\View.php(226): include('C:\\Users\\Windows 10\\Documents\\SEMESTER-5\\prjwebRetalMobil\\app\\Views\\peminjaman\\v_peminjaman.php')
 3 SYSTEMPATH\View\View.php(229): CodeIgniter\View\View->CodeIgniter\View\{closure}()
 4 SYSTEMPATH\Common.php(1188): CodeIgniter\View\View->render('peminjaman/v_peminjaman', [], true)
 5 APPPATH\Controllers\Peminjaman.php(15): view('peminjaman/v_peminjaman', [...])
 6 SYSTEMPATH\CodeIgniter.php(919): App\Controllers\Peminjaman->index()
 7 SYSTEMPATH\CodeIgniter.php(494): CodeIgniter\CodeIgniter->runController(Object(App\Controllers\Peminjaman))
 8 SYSTEMPATH\CodeIgniter.php(353): CodeIgniter\CodeIgniter->handleRequest(null, Object(Config\Cache), false)
 9 FCPATH\index.php(79): CodeIgniter\CodeIgniter->run()
10 SYSTEMPATH\Commands\Server\rewrite.php(47): require_once('C:\\Users\\Windows 10\\Documents\\SEMESTER-5\\prjwebRetalMobil\\public\\index.php')
CRITICAL - 2024-01-28 13:55:00 --> Undefined array key "id_peminjaman"
in APPPATH\Views\peminjaman\v_peminjaman.php on line 59.
 1 APPPATH\Views\peminjaman\v_peminjaman.php(59): CodeIgniter\Debug\Exceptions->errorHandler(2, 'Undefined array key "id_peminjaman"', 'C:\\Users\\Windows 10\\Documents\\SEMESTER-5\\prjwebRetalMobil\\app\\Views\\peminjaman\\v_peminjaman.php', 59)
 2 SYSTEMPATH\View\View.php(226): include('C:\\Users\\Windows 10\\Documents\\SEMESTER-5\\prjwebRetalMobil\\app\\Views\\peminjaman\\v_peminjaman.php')
 3 SYSTEMPATH\View\View.php(229): CodeIgniter\View\View->CodeIgniter\View\{closure}()
 4 SYSTEMPATH\Common.php(1188): CodeIgniter\View\View->render('peminjaman/v_peminjaman', [], true)
 5 APPPATH\Controllers\Peminjaman.php(15): view('peminjaman/v_peminjaman', [...])
 6 SYSTEMPATH\CodeIgniter.php(919): App\Controllers\Peminjaman->index()
 7 SYSTEMPATH\CodeIgniter.php(494): CodeIgniter\CodeIgniter->runController(Object(App\Controllers\Peminjaman))
 8 SYSTEMPATH\CodeIgniter.php(353): CodeIgniter\CodeIgniter->handleRequest(null, Object(Config\Cache), false)
 9 FCPATH\index.php(79): CodeIgniter\CodeIgniter->run()
10 SYSTEMPATH\Commands\Server\rewrite.php(47): require_once('C:\\Users\\Windows 10\\Documents\\SEMESTER-5\\prjwebRetalMobil\\public\\index.php')
CRITICAL - 2024-01-28 13:55:17 --> Undefined array key "id_peminjaman"
in APPPATH\Views\peminjaman\v_peminjaman.php on line 59.
 1 APPPATH\Views\peminjaman\v_peminjaman.php(59): CodeIgniter\Debug\Exceptions->errorHandler(2, 'Undefined array key "id_peminjaman"', 'C:\\Users\\Windows 10\\Documents\\SEMESTER-5\\prjwebRetalMobil\\app\\Views\\peminjaman\\v_peminjaman.php', 59)
 2 SYSTEMPATH\View\View.php(226): include('C:\\Users\\Windows 10\\Documents\\SEMESTER-5\\prjwebRetalMobil\\app\\Views\\peminjaman\\v_peminjaman.php')
 3 SYSTEMPATH\View\View.php(229): CodeIgniter\View\View->CodeIgniter\View\{closure}()
 4 SYSTEMPATH\Common.php(1188): CodeIgniter\View\View->render('peminjaman/v_peminjaman', [], true)
 5 APPPATH\Controllers\Peminjaman.php(15): view('peminjaman/v_peminjaman', [...])
 6 SYSTEMPATH\CodeIgniter.php(919): App\Controllers\Peminjaman->index()
 7 SYSTEMPATH\CodeIgniter.php(494): CodeIgniter\CodeIgniter->runController(Object(App\Controllers\Peminjaman))
 8 SYSTEMPATH\CodeIgniter.php(353): CodeIgniter\CodeIgniter->handleRequest(null, Object(Config\Cache), false)
 9 FCPATH\index.php(79): CodeIgniter\CodeIgniter->run()
10 SYSTEMPATH\Commands\Server\rewrite.php(47): require_once('C:\\Users\\Windows 10\\Documents\\SEMESTER-5\\prjwebRetalMobil\\public\\index.php')
CRITICAL - 2024-01-28 13:55:43 --> Undefined array key "id_peminjaman"
in APPPATH\Views\peminjaman\v_peminjaman.php on line 59.
 1 APPPATH\Views\peminjaman\v_peminjaman.php(59): CodeIgniter\Debug\Exceptions->errorHandler(2, 'Undefined array key "id_peminjaman"', 'C:\\Users\\Windows 10\\Documents\\SEMESTER-5\\prjwebRetalMobil\\app\\Views\\peminjaman\\v_peminjaman.php', 59)
 2 SYSTEMPATH\View\View.php(226): include('C:\\Users\\Windows 10\\Documents\\SEMESTER-5\\prjwebRetalMobil\\app\\Views\\peminjaman\\v_peminjaman.php')
 3 SYSTEMPATH\View\View.php(229): CodeIgniter\View\View->CodeIgniter\View\{closure}()
 4 SYSTEMPATH\Common.php(1188): CodeIgniter\View\View->render('peminjaman/v_peminjaman', [], true)
 5 APPPATH\Controllers\Peminjaman.php(15): view('peminjaman/v_peminjaman', [...])
 6 SYSTEMPATH\CodeIgniter.php(919): App\Controllers\Peminjaman->index()
 7 SYSTEMPATH\CodeIgniter.php(494): CodeIgniter\CodeIgniter->runController(Object(App\Controllers\Peminjaman))
 8 SYSTEMPATH\CodeIgniter.php(353): CodeIgniter\CodeIgniter->handleRequest(null, Object(Config\Cache), false)
 9 FCPATH\index.php(79): CodeIgniter\CodeIgniter->run()
10 SYSTEMPATH\Commands\Server\rewrite.php(47): require_once('C:\\Users\\Windows 10\\Documents\\SEMESTER-5\\prjwebRetalMobil\\public\\index.php')
CRITICAL - 2024-01-28 13:56:08 --> Undefined array key "id_peminjaman"
in APPPATH\Views\peminjaman\v_peminjaman.php on line 59.
 1 APPPATH\Views\peminjaman\v_peminjaman.php(59): CodeIgniter\Debug\Exceptions->errorHandler(2, 'Undefined array key "id_peminjaman"', 'C:\\Users\\Windows 10\\Documents\\SEMESTER-5\\prjwebRetalMobil\\app\\Views\\peminjaman\\v_peminjaman.php', 59)
 2 SYSTEMPATH\View\View.php(226): include('C:\\Users\\Windows 10\\Documents\\SEMESTER-5\\prjwebRetalMobil\\app\\Views\\peminjaman\\v_peminjaman.php')
 3 SYSTEMPATH\View\View.php(229): CodeIgniter\View\View->CodeIgniter\View\{closure}()
 4 SYSTEMPATH\Common.php(1188): CodeIgniter\View\View->render('peminjaman/v_peminjaman', [], true)
 5 APPPATH\Controllers\Peminjaman.php(15): view('peminjaman/v_peminjaman', [...])
 6 SYSTEMPATH\CodeIgniter.php(919): App\Controllers\Peminjaman->index()
 7 SYSTEMPATH\CodeIgniter.php(494): CodeIgniter\CodeIgniter->runController(Object(App\Controllers\Peminjaman))
 8 SYSTEMPATH\CodeIgniter.php(353): CodeIgniter\CodeIgniter->handleRequest(null, Object(Config\Cache), false)
 9 FCPATH\index.php(79): CodeIgniter\CodeIgniter->run()
10 SYSTEMPATH\Commands\Server\rewrite.php(47): require_once('C:\\Users\\Windows 10\\Documents\\SEMESTER-5\\prjwebRetalMobil\\public\\index.php')
CRITICAL - 2024-01-28 13:56:51 --> Undefined array key "id_peminjaman"
in APPPATH\Views\peminjaman\v_peminjaman.php on line 59.
 1 APPPATH\Views\peminjaman\v_peminjaman.php(59): CodeIgniter\Debug\Exceptions->errorHandler(2, 'Undefined array key "id_peminjaman"', 'C:\\Users\\Windows 10\\Documents\\SEMESTER-5\\prjwebRetalMobil\\app\\Views\\peminjaman\\v_peminjaman.php', 59)
 2 SYSTEMPATH\View\View.php(226): include('C:\\Users\\Windows 10\\Documents\\SEMESTER-5\\prjwebRetalMobil\\app\\Views\\peminjaman\\v_peminjaman.php')
 3 SYSTEMPATH\View\View.php(229): CodeIgniter\View\View->CodeIgniter\View\{closure}()
 4 SYSTEMPATH\Common.php(1188): CodeIgniter\View\View->render('peminjaman/v_peminjaman', [], true)
 5 APPPATH\Controllers\Peminjaman.php(15): view('peminjaman/v_peminjaman', [...])
 6 SYSTEMPATH\CodeIgniter.php(919): App\Controllers\Peminjaman->index()
 7 SYSTEMPATH\CodeIgniter.php(494): CodeIgniter\CodeIgniter->runController(Object(App\Controllers\Peminjaman))
 8 SYSTEMPATH\CodeIgniter.php(353): CodeIgniter\CodeIgniter->handleRequest(null, Object(Config\Cache), false)
 9 FCPATH\index.php(79): CodeIgniter\CodeIgniter->run()
10 SYSTEMPATH\Commands\Server\rewrite.php(47): require_once('C:\\Users\\Windows 10\\Documents\\SEMESTER-5\\prjwebRetalMobil\\public\\index.php')
CRITICAL - 2024-01-28 13:57:18 --> Undefined array key "id_peminjaman"
in APPPATH\Views\peminjaman\v_peminjaman.php on line 59.
 1 APPPATH\Views\peminjaman\v_peminjaman.php(59): CodeIgniter\Debug\Exceptions->errorHandler(2, 'Undefined array key "id_peminjaman"', 'C:\\Users\\Windows 10\\Documents\\SEMESTER-5\\prjwebRetalMobil\\app\\Views\\peminjaman\\v_peminjaman.php', 59)
 2 SYSTEMPATH\View\View.php(226): include('C:\\Users\\Windows 10\\Documents\\SEMESTER-5\\prjwebRetalMobil\\app\\Views\\peminjaman\\v_peminjaman.php')
 3 SYSTEMPATH\View\View.php(229): CodeIgniter\View\View->CodeIgniter\View\{closure}()
 4 SYSTEMPATH\Common.php(1188): CodeIgniter\View\View->render('peminjaman/v_peminjaman', [], true)
 5 APPPATH\Controllers\Peminjaman.php(15): view('peminjaman/v_peminjaman', [...])
 6 SYSTEMPATH\CodeIgniter.php(919): App\Controllers\Peminjaman->index()
 7 SYSTEMPATH\CodeIgniter.php(494): CodeIgniter\CodeIgniter->runController(Object(App\Controllers\Peminjaman))
 8 SYSTEMPATH\CodeIgniter.php(353): CodeIgniter\CodeIgniter->handleRequest(null, Object(Config\Cache), false)
 9 FCPATH\index.php(79): CodeIgniter\CodeIgniter->run()
10 SYSTEMPATH\Commands\Server\rewrite.php(47): require_once('C:\\Users\\Windows 10\\Documents\\SEMESTER-5\\prjwebRetalMobil\\public\\index.php')
INFO - 2024-01-28 14:02:15 --> Session: Class initialized using 'CodeIgniter\Session\Handlers\FileHandler' driver.
CRITICAL - 2024-01-28 14:02:23 --> Undefined array key "id_peminjaman"
in APPPATH\Views\peminjaman\v_peminjaman.php on line 59.
 1 APPPATH\Views\peminjaman\v_peminjaman.php(59): CodeIgniter\Debug\Exceptions->errorHandler(2, 'Undefined array key "id_peminjaman"', 'C:\\Users\\Windows 10\\Documents\\SEMESTER-5\\prjwebRetalMobil\\app\\Views\\peminjaman\\v_peminjaman.php', 59)
 2 SYSTEMPATH\View\View.php(226): include('C:\\Users\\Windows 10\\Documents\\SEMESTER-5\\prjwebRetalMobil\\app\\Views\\peminjaman\\v_peminjaman.php')
 3 SYSTEMPATH\View\View.php(229): CodeIgniter\View\View->CodeIgniter\View\{closure}()
 4 SYSTEMPATH\Common.php(1188): CodeIgniter\View\View->render('peminjaman/v_peminjaman', [], true)
 5 APPPATH\Controllers\Peminjaman.php(15): view('peminjaman/v_peminjaman', [...])
 6 SYSTEMPATH\CodeIgniter.php(919): App\Controllers\Peminjaman->index()
 7 SYSTEMPATH\CodeIgniter.php(494): CodeIgniter\CodeIgniter->runController(Object(App\Controllers\Peminjaman))
 8 SYSTEMPATH\CodeIgniter.php(353): CodeIgniter\CodeIgniter->handleRequest(null, Object(Config\Cache), false)
 9 FCPATH\index.php(79): CodeIgniter\CodeIgniter->run()
10 SYSTEMPATH\Commands\Server\rewrite.php(47): require_once('C:\\Users\\Windows 10\\Documents\\SEMESTER-5\\prjwebRetalMobil\\public\\index.php')
INFO - 2024-01-28 14:02:28 --> Session: Class initialized using 'CodeIgniter\Session\Handlers\FileHandler' driver.
INFO - 2024-01-28 14:10:23 --> Session: Class initialized using 'CodeIgniter\Session\Handlers\FileHandler' driver.
CRITICAL - 2024-01-28 14:10:29 --> Undefined array key "id_peminjaman"
in APPPATH\Views\peminjaman\v_peminjaman.php on line 59.
 1 APPPATH\Views\peminjaman\v_peminjaman.php(59): CodeIgniter\Debug\Exceptions->errorHandler(2, 'Undefined array key "id_peminjaman"', 'C:\\Users\\Windows 10\\Documents\\SEMESTER-5\\prjwebRetalMobil\\app\\Views\\peminjaman\\v_peminjaman.php', 59)
 2 SYSTEMPATH\View\View.php(226): include('C:\\Users\\Windows 10\\Documents\\SEMESTER-5\\prjwebRetalMobil\\app\\Views\\peminjaman\\v_peminjaman.php')
 3 SYSTEMPATH\View\View.php(229): CodeIgniter\View\View->CodeIgniter\View\{closure}()
 4 SYSTEMPATH\Common.php(1188): CodeIgniter\View\View->render('peminjaman/v_peminjaman', [], true)
 5 APPPATH\Controllers\Peminjaman.php(15): view('peminjaman/v_peminjaman', [...])
 6 SYSTEMPATH\CodeIgniter.php(919): App\Controllers\Peminjaman->index()
 7 SYSTEMPATH\CodeIgniter.php(494): CodeIgniter\CodeIgniter->runController(Object(App\Controllers\Peminjaman))
 8 SYSTEMPATH\CodeIgniter.php(353): CodeIgniter\CodeIgniter->handleRequest(null, Object(Config\Cache), false)
 9 FCPATH\index.php(79): CodeIgniter\CodeIgniter->run()
10 SYSTEMPATH\Commands\Server\rewrite.php(47): require_once('C:\\Users\\Windows 10\\Documents\\SEMESTER-5\\prjwebRetalMobil\\public\\index.php')
CRITICAL - 2024-01-28 14:10:51 --> Undefined array key "id_peminjaman"
in APPPATH\Views\peminjaman\v_peminjaman.php on line 72.
 1 APPPATH\Views\peminjaman\v_peminjaman.php(72): CodeIgniter\Debug\Exceptions->errorHandler(2, 'Undefined array key "id_peminjaman"', 'C:\\Users\\Windows 10\\Documents\\SEMESTER-5\\prjwebRetalMobil\\app\\Views\\peminjaman\\v_peminjaman.php', 72)
 2 SYSTEMPATH\View\View.php(226): include('C:\\Users\\Windows 10\\Documents\\SEMESTER-5\\prjwebRetalMobil\\app\\Views\\peminjaman\\v_peminjaman.php')
 3 SYSTEMPATH\View\View.php(229): CodeIgniter\View\View->CodeIgniter\View\{closure}()
 4 SYSTEMPATH\Common.php(1188): CodeIgniter\View\View->render('peminjaman/v_peminjaman', [], true)
 5 APPPATH\Controllers\Peminjaman.php(15): view('peminjaman/v_peminjaman', [...])
 6 SYSTEMPATH\CodeIgniter.php(919): App\Controllers\Peminjaman->index()
 7 SYSTEMPATH\CodeIgniter.php(494): CodeIgniter\CodeIgniter->runController(Object(App\Controllers\Peminjaman))
 8 SYSTEMPATH\CodeIgniter.php(353): CodeIgniter\CodeIgniter->handleRequest(null, Object(Config\Cache), false)
 9 FCPATH\index.php(79): CodeIgniter\CodeIgniter->run()
10 SYSTEMPATH\Commands\Server\rewrite.php(47): require_once('C:\\Users\\Windows 10\\Documents\\SEMESTER-5\\prjwebRetalMobil\\public\\index.php')
CRITICAL - 2024-01-28 14:11:05 --> Undefined array key "id_peminjaman"
in APPPATH\Views\peminjaman\v_peminjaman.php on line 75.
 1 APPPATH\Views\peminjaman\v_peminjaman.php(75): CodeIgniter\Debug\Exceptions->errorHandler(2, 'Undefined array key "id_peminjaman"', 'C:\\Users\\Windows 10\\Documents\\SEMESTER-5\\prjwebRetalMobil\\app\\Views\\peminjaman\\v_peminjaman.php', 75)
 2 SYSTEMPATH\View\View.php(226): include('C:\\Users\\Windows 10\\Documents\\SEMESTER-5\\prjwebRetalMobil\\app\\Views\\peminjaman\\v_peminjaman.php')
 3 SYSTEMPATH\View\View.php(229): CodeIgniter\View\View->CodeIgniter\View\{closure}()
 4 SYSTEMPATH\Common.php(1188): CodeIgniter\View\View->render('peminjaman/v_peminjaman', [], true)
 5 APPPATH\Controllers\Peminjaman.php(15): view('peminjaman/v_peminjaman', [...])
 6 SYSTEMPATH\CodeIgniter.php(919): App\Controllers\Peminjaman->index()
 7 SYSTEMPATH\CodeIgniter.php(494): CodeIgniter\CodeIgniter->runController(Object(App\Controllers\Peminjaman))
 8 SYSTEMPATH\CodeIgniter.php(353): CodeIgniter\CodeIgniter->handleRequest(null, Object(Config\Cache), false)
 9 FCPATH\index.php(79): CodeIgniter\CodeIgniter->run()
10 SYSTEMPATH\Commands\Server\rewrite.php(47): require_once('C:\\Users\\Windows 10\\Documents\\SEMESTER-5\\prjwebRetalMobil\\public\\index.php')
INFO - 2024-01-28 14:12:31 --> Session: Class initialized using 'CodeIgniter\Session\Handlers\FileHandler' driver.
INFO - 2024-01-28 14:12:51 --> Session: Class initialized using 'CodeIgniter\Session\Handlers\FileHandler' driver.
CRITICAL - 2024-01-28 14:15:06 --> Undefined array key "id_peminjaman"
in APPPATH\Views\peminjaman\v_peminjaman.php on line 59.
 1 APPPATH\Views\peminjaman\v_peminjaman.php(59): CodeIgniter\Debug\Exceptions->errorHandler(2, 'Undefined array key "id_peminjaman"', 'C:\\Users\\Windows 10\\Documents\\SEMESTER-5\\prjwebRetalMobil\\app\\Views\\peminjaman\\v_peminjaman.php', 59)
 2 SYSTEMPATH\View\View.php(226): include('C:\\Users\\Windows 10\\Documents\\SEMESTER-5\\prjwebRetalMobil\\app\\Views\\peminjaman\\v_peminjaman.php')
 3 SYSTEMPATH\View\View.php(229): CodeIgniter\View\View->CodeIgniter\View\{closure}()
 4 SYSTEMPATH\Common.php(1188): CodeIgniter\View\View->render('peminjaman/v_peminjaman', [], true)
 5 APPPATH\Controllers\Peminjaman.php(15): view('peminjaman/v_peminjaman', [...])
 6 SYSTEMPATH\CodeIgniter.php(919): App\Controllers\Peminjaman->index()
 7 SYSTEMPATH\CodeIgniter.php(494): CodeIgniter\CodeIgniter->runController(Object(App\Controllers\Peminjaman))
 8 SYSTEMPATH\CodeIgniter.php(353): CodeIgniter\CodeIgniter->handleRequest(null, Object(Config\Cache), false)
 9 FCPATH\index.php(79): CodeIgniter\CodeIgniter->run()
10 SYSTEMPATH\Commands\Server\rewrite.php(47): require_once('C:\\Users\\Windows 10\\Documents\\SEMESTER-5\\prjwebRetalMobil\\public\\index.php')
CRITICAL - 2024-01-28 14:16:49 --> Undefined array key "id_peminjaman"
in APPPATH\Views\peminjaman\v_peminjaman.php on line 59.
 1 APPPATH\Views\peminjaman\v_peminjaman.php(59): CodeIgniter\Debug\Exceptions->errorHandler(2, 'Undefined array key "id_peminjaman"', 'C:\\Users\\Windows 10\\Documents\\SEMESTER-5\\prjwebRetalMobil\\app\\Views\\peminjaman\\v_peminjaman.php', 59)
 2 SYSTEMPATH\View\View.php(226): include('C:\\Users\\Windows 10\\Documents\\SEMESTER-5\\prjwebRetalMobil\\app\\Views\\peminjaman\\v_peminjaman.php')
 3 SYSTEMPATH\View\View.php(229): CodeIgniter\View\View->CodeIgniter\View\{closure}()
 4 SYSTEMPATH\Common.php(1188): CodeIgniter\View\View->render('peminjaman/v_peminjaman', [], true)
 5 APPPATH\Controllers\Peminjaman.php(15): view('peminjaman/v_peminjaman', [...])
 6 SYSTEMPATH\CodeIgniter.php(919): App\Controllers\Peminjaman->index()
 7 SYSTEMPATH\CodeIgniter.php(494): CodeIgniter\CodeIgniter->runController(Object(App\Controllers\Peminjaman))
 8 SYSTEMPATH\CodeIgniter.php(353): CodeIgniter\CodeIgniter->handleRequest(null, Object(Config\Cache), false)
 9 FCPATH\index.php(79): CodeIgniter\CodeIgniter->run()
10 SYSTEMPATH\Commands\Server\rewrite.php(47): require_once('C:\\Users\\Windows 10\\Documents\\SEMESTER-5\\prjwebRetalMobil\\public\\index.php')
CRITICAL - 2024-01-28 14:20:32 --> Undefined array key "id_peminjaman"
in APPPATH\Views\peminjaman\v_peminjaman.php on line 59.
 1 APPPATH\Views\peminjaman\v_peminjaman.php(59): CodeIgniter\Debug\Exceptions->errorHandler(2, 'Undefined array key "id_peminjaman"', 'C:\\Users\\Windows 10\\Documents\\SEMESTER-5\\prjwebRetalMobil\\app\\Views\\peminjaman\\v_peminjaman.php', 59)
 2 SYSTEMPATH\View\View.php(226): include('C:\\Users\\Windows 10\\Documents\\SEMESTER-5\\prjwebRetalMobil\\app\\Views\\peminjaman\\v_peminjaman.php')
 3 SYSTEMPATH\View\View.php(229): CodeIgniter\View\View->CodeIgniter\View\{closure}()
 4 SYSTEMPATH\Common.php(1188): CodeIgniter\View\View->render('peminjaman/v_peminjaman', [], true)
 5 APPPATH\Controllers\Peminjaman.php(15): view('peminjaman/v_peminjaman', [...])
 6 SYSTEMPATH\CodeIgniter.php(919): App\Controllers\Peminjaman->index()
 7 SYSTEMPATH\CodeIgniter.php(494): CodeIgniter\CodeIgniter->runController(Object(App\Controllers\Peminjaman))
 8 SYSTEMPATH\CodeIgniter.php(353): CodeIgniter\CodeIgniter->handleRequest(null, Object(Config\Cache), false)
 9 FCPATH\index.php(79): CodeIgniter\CodeIgniter->run()
10 SYSTEMPATH\Commands\Server\rewrite.php(47): require_once('C:\\Users\\Windows 10\\Documents\\SEMESTER-5\\prjwebRetalMobil\\public\\index.php')
CRITICAL - 2024-01-28 14:22:03 --> Undefined array key "id_peminjaman"
in APPPATH\Views\peminjaman\v_peminjaman.php on line 59.
 1 APPPATH\Views\peminjaman\v_peminjaman.php(59): CodeIgniter\Debug\Exceptions->errorHandler(2, 'Undefined array key "id_peminjaman"', 'C:\\Users\\Windows 10\\Documents\\SEMESTER-5\\prjwebRetalMobil\\app\\Views\\peminjaman\\v_peminjaman.php', 59)
 2 SYSTEMPATH\View\View.php(226): include('C:\\Users\\Windows 10\\Documents\\SEMESTER-5\\prjwebRetalMobil\\app\\Views\\peminjaman\\v_peminjaman.php')
 3 SYSTEMPATH\View\View.php(229): CodeIgniter\View\View->CodeIgniter\View\{closure}()
 4 SYSTEMPATH\Common.php(1188): CodeIgniter\View\View->render('peminjaman/v_peminjaman', [], true)
 5 APPPATH\Controllers\Peminjaman.php(15): view('peminjaman/v_peminjaman', [...])
 6 SYSTEMPATH\CodeIgniter.php(919): App\Controllers\Peminjaman->index()
 7 SYSTEMPATH\CodeIgniter.php(494): CodeIgniter\CodeIgniter->runController(Object(App\Controllers\Peminjaman))
 8 SYSTEMPATH\CodeIgniter.php(353): CodeIgniter\CodeIgniter->handleRequest(null, Object(Config\Cache), false)
 9 FCPATH\index.php(79): CodeIgniter\CodeIgniter->run()
10 SYSTEMPATH\Commands\Server\rewrite.php(47): require_once('C:\\Users\\Windows 10\\Documents\\SEMESTER-5\\prjwebRetalMobil\\public\\index.php')
CRITICAL - 2024-01-28 14:24:08 --> Undefined array key "id_peminjaman"
in APPPATH\Views\peminjaman\v_peminjaman.php on line 59.
 1 APPPATH\Views\peminjaman\v_peminjaman.php(59): CodeIgniter\Debug\Exceptions->errorHandler(2, 'Undefined array key "id_peminjaman"', 'C:\\Users\\Windows 10\\Documents\\SEMESTER-5\\prjwebRetalMobil\\app\\Views\\peminjaman\\v_peminjaman.php', 59)
 2 SYSTEMPATH\View\View.php(226): include('C:\\Users\\Windows 10\\Documents\\SEMESTER-5\\prjwebRetalMobil\\app\\Views\\peminjaman\\v_peminjaman.php')
 3 SYSTEMPATH\View\View.php(229): CodeIgniter\View\View->CodeIgniter\View\{closure}()
 4 SYSTEMPATH\Common.php(1188): CodeIgniter\View\View->render('peminjaman/v_peminjaman', [], true)
 5 APPPATH\Controllers\Peminjaman.php(15): view('peminjaman/v_peminjaman', [...])
 6 SYSTEMPATH\CodeIgniter.php(919): App\Controllers\Peminjaman->index()
 7 SYSTEMPATH\CodeIgniter.php(494): CodeIgniter\CodeIgniter->runController(Object(App\Controllers\Peminjaman))
 8 SYSTEMPATH\CodeIgniter.php(353): CodeIgniter\CodeIgniter->handleRequest(null, Object(Config\Cache), false)
 9 FCPATH\index.php(79): CodeIgniter\CodeIgniter->run()
10 SYSTEMPATH\Commands\Server\rewrite.php(47): require_once('C:\\Users\\Windows 10\\Documents\\SEMESTER-5\\prjwebRetalMobil\\public\\index.php')
CRITICAL - 2024-01-28 14:27:03 --> Undefined array key "id_peminjaman"
in APPPATH\Views\peminjaman\v_peminjaman.php on line 59.
 1 APPPATH\Views\peminjaman\v_peminjaman.php(59): CodeIgniter\Debug\Exceptions->errorHandler(2, 'Undefined array key "id_peminjaman"', 'C:\\Users\\Windows 10\\Documents\\SEMESTER-5\\prjwebRetalMobil\\app\\Views\\peminjaman\\v_peminjaman.php', 59)
 2 SYSTEMPATH\View\View.php(226): include('C:\\Users\\Windows 10\\Documents\\SEMESTER-5\\prjwebRetalMobil\\app\\Views\\peminjaman\\v_peminjaman.php')
 3 SYSTEMPATH\View\View.php(229): CodeIgniter\View\View->CodeIgniter\View\{closure}()
 4 SYSTEMPATH\Common.php(1188): CodeIgniter\View\View->render('peminjaman/v_peminjaman', [], true)
 5 APPPATH\Controllers\Peminjaman.php(15): view('peminjaman/v_peminjaman', [...])
 6 SYSTEMPATH\CodeIgniter.php(919): App\Controllers\Peminjaman->index()
 7 SYSTEMPATH\CodeIgniter.php(494): CodeIgniter\CodeIgniter->runController(Object(App\Controllers\Peminjaman))
 8 SYSTEMPATH\CodeIgniter.php(353): CodeIgniter\CodeIgniter->handleRequest(null, Object(Config\Cache), false)
 9 FCPATH\index.php(79): CodeIgniter\CodeIgniter->run()
10 SYSTEMPATH\Commands\Server\rewrite.php(47): require_once('C:\\Users\\Windows 10\\Documents\\SEMESTER-5\\prjwebRetalMobil\\public\\index.php')
CRITICAL - 2024-01-28 14:27:53 --> Undefined array key "id_peminjaman"
in APPPATH\Views\peminjaman\v_peminjaman.php on line 59.
 1 APPPATH\Views\peminjaman\v_peminjaman.php(59): CodeIgniter\Debug\Exceptions->errorHandler(2, 'Undefined array key "id_peminjaman"', 'C:\\Users\\Windows 10\\Documents\\SEMESTER-5\\prjwebRetalMobil\\app\\Views\\peminjaman\\v_peminjaman.php', 59)
 2 SYSTEMPATH\View\View.php(226): include('C:\\Users\\Windows 10\\Documents\\SEMESTER-5\\prjwebRetalMobil\\app\\Views\\peminjaman\\v_peminjaman.php')
 3 SYSTEMPATH\View\View.php(229): CodeIgniter\View\View->CodeIgniter\View\{closure}()
 4 SYSTEMPATH\Common.php(1188): CodeIgniter\View\View->render('peminjaman/v_peminjaman', [], true)
 5 APPPATH\Controllers\Peminjaman.php(15): view('peminjaman/v_peminjaman', [...])
 6 SYSTEMPATH\CodeIgniter.php(919): App\Controllers\Peminjaman->index()
 7 SYSTEMPATH\CodeIgniter.php(494): CodeIgniter\CodeIgniter->runController(Object(App\Controllers\Peminjaman))
 8 SYSTEMPATH\CodeIgniter.php(353): CodeIgniter\CodeIgniter->handleRequest(null, Object(Config\Cache), false)
 9 FCPATH\index.php(79): CodeIgniter\CodeIgniter->run()
10 SYSTEMPATH\Commands\Server\rewrite.php(47): require_once('C:\\Users\\Windows 10\\Documents\\SEMESTER-5\\prjwebRetalMobil\\public\\index.php')
CRITICAL - 2024-01-28 14:28:55 --> Undefined array key "id_peminjaman"
in APPPATH\Views\peminjaman\v_peminjaman.php on line 59.
 1 APPPATH\Views\peminjaman\v_peminjaman.php(59): CodeIgniter\Debug\Exceptions->errorHandler(2, 'Undefined array key "id_peminjaman"', 'C:\\Users\\Windows 10\\Documents\\SEMESTER-5\\prjwebRetalMobil\\app\\Views\\peminjaman\\v_peminjaman.php', 59)
 2 SYSTEMPATH\View\View.php(226): include('C:\\Users\\Windows 10\\Documents\\SEMESTER-5\\prjwebRetalMobil\\app\\Views\\peminjaman\\v_peminjaman.php')
 3 SYSTEMPATH\View\View.php(229): CodeIgniter\View\View->CodeIgniter\View\{closure}()
 4 SYSTEMPATH\Common.php(1188): CodeIgniter\View\View->render('peminjaman/v_peminjaman', [], true)
 5 APPPATH\Controllers\Peminjaman.php(15): view('peminjaman/v_peminjaman', [...])
 6 SYSTEMPATH\CodeIgniter.php(919): App\Controllers\Peminjaman->index()
 7 SYSTEMPATH\CodeIgniter.php(494): CodeIgniter\CodeIgniter->runController(Object(App\Controllers\Peminjaman))
 8 SYSTEMPATH\CodeIgniter.php(353): CodeIgniter\CodeIgniter->handleRequest(null, Object(Config\Cache), false)
 9 FCPATH\index.php(79): CodeIgniter\CodeIgniter->run()
10 SYSTEMPATH\Commands\Server\rewrite.php(47): require_once('C:\\Users\\Windows 10\\Documents\\SEMESTER-5\\prjwebRetalMobil\\public\\index.php')
CRITICAL - 2024-01-28 14:29:25 --> Undefined array key "id_peminjaman"
in APPPATH\Views\peminjaman\v_peminjaman.php on line 59.
 1 APPPATH\Views\peminjaman\v_peminjaman.php(59): CodeIgniter\Debug\Exceptions->errorHandler(2, 'Undefined array key "id_peminjaman"', 'C:\\Users\\Windows 10\\Documents\\SEMESTER-5\\prjwebRetalMobil\\app\\Views\\peminjaman\\v_peminjaman.php', 59)
 2 SYSTEMPATH\View\View.php(226): include('C:\\Users\\Windows 10\\Documents\\SEMESTER-5\\prjwebRetalMobil\\app\\Views\\peminjaman\\v_peminjaman.php')
 3 SYSTEMPATH\View\View.php(229): CodeIgniter\View\View->CodeIgniter\View\{closure}()
 4 SYSTEMPATH\Common.php(1188): CodeIgniter\View\View->render('peminjaman/v_peminjaman', [], true)
 5 APPPATH\Controllers\Peminjaman.php(15): view('peminjaman/v_peminjaman', [...])
 6 SYSTEMPATH\CodeIgniter.php(919): App\Controllers\Peminjaman->index()
 7 SYSTEMPATH\CodeIgniter.php(494): CodeIgniter\CodeIgniter->runController(Object(App\Controllers\Peminjaman))
 8 SYSTEMPATH\CodeIgniter.php(353): CodeIgniter\CodeIgniter->handleRequest(null, Object(Config\Cache), false)
 9 FCPATH\index.php(79): CodeIgniter\CodeIgniter->run()
10 SYSTEMPATH\Commands\Server\rewrite.php(47): require_once('C:\\Users\\Windows 10\\Documents\\SEMESTER-5\\prjwebRetalMobil\\public\\index.php')
CRITICAL - 2024-01-28 14:29:54 --> Undefined array key "id_peminjaman"
in APPPATH\Views\peminjaman\v_peminjaman.php on line 59.
 1 APPPATH\Views\peminjaman\v_peminjaman.php(59): CodeIgniter\Debug\Exceptions->errorHandler(2, 'Undefined array key "id_peminjaman"', 'C:\\Users\\Windows 10\\Documents\\SEMESTER-5\\prjwebRetalMobil\\app\\Views\\peminjaman\\v_peminjaman.php', 59)
 2 SYSTEMPATH\View\View.php(226): include('C:\\Users\\Windows 10\\Documents\\SEMESTER-5\\prjwebRetalMobil\\app\\Views\\peminjaman\\v_peminjaman.php')
 3 SYSTEMPATH\View\View.php(229): CodeIgniter\View\View->CodeIgniter\View\{closure}()
 4 SYSTEMPATH\Common.php(1188): CodeIgniter\View\View->render('peminjaman/v_peminjaman', [], true)
 5 APPPATH\Controllers\Peminjaman.php(15): view('peminjaman/v_peminjaman', [...])
 6 SYSTEMPATH\CodeIgniter.php(919): App\Controllers\Peminjaman->index()
 7 SYSTEMPATH\CodeIgniter.php(494): CodeIgniter\CodeIgniter->runController(Object(App\Controllers\Peminjaman))
 8 SYSTEMPATH\CodeIgniter.php(353): CodeIgniter\CodeIgniter->handleRequest(null, Object(Config\Cache), false)
 9 FCPATH\index.php(79): CodeIgniter\CodeIgniter->run()
10 SYSTEMPATH\Commands\Server\rewrite.php(47): require_once('C:\\Users\\Windows 10\\Documents\\SEMESTER-5\\prjwebRetalMobil\\public\\index.php')
CRITICAL - 2024-01-28 14:30:13 --> Undefined array key "id_peminjaman"
in APPPATH\Views\peminjaman\v_peminjaman.php on line 59.
 1 APPPATH\Views\peminjaman\v_peminjaman.php(59): CodeIgniter\Debug\Exceptions->errorHandler(2, 'Undefined array key "id_peminjaman"', 'C:\\Users\\Windows 10\\Documents\\SEMESTER-5\\prjwebRetalMobil\\app\\Views\\peminjaman\\v_peminjaman.php', 59)
 2 SYSTEMPATH\View\View.php(226): include('C:\\Users\\Windows 10\\Documents\\SEMESTER-5\\prjwebRetalMobil\\app\\Views\\peminjaman\\v_peminjaman.php')
 3 SYSTEMPATH\View\View.php(229): CodeIgniter\View\View->CodeIgniter\View\{closure}()
 4 SYSTEMPATH\Common.php(1188): CodeIgniter\View\View->render('peminjaman/v_peminjaman', [], true)
 5 APPPATH\Controllers\Peminjaman.php(15): view('peminjaman/v_peminjaman', [...])
 6 SYSTEMPATH\CodeIgniter.php(919): App\Controllers\Peminjaman->index()
 7 SYSTEMPATH\CodeIgniter.php(494): CodeIgniter\CodeIgniter->runController(Object(App\Controllers\Peminjaman))
 8 SYSTEMPATH\CodeIgniter.php(353): CodeIgniter\CodeIgniter->handleRequest(null, Object(Config\Cache), false)
 9 FCPATH\index.php(79): CodeIgniter\CodeIgniter->run()
10 SYSTEMPATH\Commands\Server\rewrite.php(47): require_once('C:\\Users\\Windows 10\\Documents\\SEMESTER-5\\prjwebRetalMobil\\public\\index.php')
CRITICAL - 2024-01-28 14:31:05 --> Undefined array key "id_peminjaman"
in APPPATH\Views\peminjaman\v_peminjaman.php on line 59.
 1 APPPATH\Views\peminjaman\v_peminjaman.php(59): CodeIgniter\Debug\Exceptions->errorHandler(2, 'Undefined array key "id_peminjaman"', 'C:\\Users\\Windows 10\\Documents\\SEMESTER-5\\prjwebRetalMobil\\app\\Views\\peminjaman\\v_peminjaman.php', 59)
 2 SYSTEMPATH\View\View.php(226): include('C:\\Users\\Windows 10\\Documents\\SEMESTER-5\\prjwebRetalMobil\\app\\Views\\peminjaman\\v_peminjaman.php')
 3 SYSTEMPATH\View\View.php(229): CodeIgniter\View\View->CodeIgniter\View\{closure}()
 4 SYSTEMPATH\Common.php(1188): CodeIgniter\View\View->render('peminjaman/v_peminjaman', [], true)
 5 APPPATH\Controllers\Peminjaman.php(15): view('peminjaman/v_peminjaman', [...])
 6 SYSTEMPATH\CodeIgniter.php(919): App\Controllers\Peminjaman->index()
 7 SYSTEMPATH\CodeIgniter.php(494): CodeIgniter\CodeIgniter->runController(Object(App\Controllers\Peminjaman))
 8 SYSTEMPATH\CodeIgniter.php(353): CodeIgniter\CodeIgniter->handleRequest(null, Object(Config\Cache), false)
 9 FCPATH\index.php(79): CodeIgniter\CodeIgniter->run()
10 SYSTEMPATH\Commands\Server\rewrite.php(47): require_once('C:\\Users\\Windows 10\\Documents\\SEMESTER-5\\prjwebRetalMobil\\public\\index.php')
CRITICAL - 2024-01-28 14:33:49 --> Undefined array key "id_peminjaman"
in APPPATH\Views\peminjaman\v_peminjaman.php on line 59.
 1 APPPATH\Views\peminjaman\v_peminjaman.php(59): CodeIgniter\Debug\Exceptions->errorHandler(2, 'Undefined array key "id_peminjaman"', 'C:\\Users\\Windows 10\\Documents\\SEMESTER-5\\prjwebRetalMobil\\app\\Views\\peminjaman\\v_peminjaman.php', 59)
 2 SYSTEMPATH\View\View.php(226): include('C:\\Users\\Windows 10\\Documents\\SEMESTER-5\\prjwebRetalMobil\\app\\Views\\peminjaman\\v_peminjaman.php')
 3 SYSTEMPATH\View\View.php(229): CodeIgniter\View\View->CodeIgniter\View\{closure}()
 4 SYSTEMPATH\Common.php(1188): CodeIgniter\View\View->render('peminjaman/v_peminjaman', [], true)
 5 APPPATH\Controllers\Peminjaman.php(15): view('peminjaman/v_peminjaman', [...])
 6 SYSTEMPATH\CodeIgniter.php(919): App\Controllers\Peminjaman->index()
 7 SYSTEMPATH\CodeIgniter.php(494): CodeIgniter\CodeIgniter->runController(Object(App\Controllers\Peminjaman))
 8 SYSTEMPATH\CodeIgniter.php(353): CodeIgniter\CodeIgniter->handleRequest(null, Object(Config\Cache), false)
 9 FCPATH\index.php(79): CodeIgniter\CodeIgniter->run()
10 SYSTEMPATH\Commands\Server\rewrite.php(47): require_once('C:\\Users\\Windows 10\\Documents\\SEMESTER-5\\prjwebRetalMobil\\public\\index.php')
INFO - 2024-01-28 14:36:50 --> Session: Class initialized using 'CodeIgniter\Session\Handlers\FileHandler' driver.
INFO - 2024-01-28 14:37:27 --> Session: Class initialized using 'CodeIgniter\Session\Handlers\FileHandler' driver.
INFO - 2024-01-28 14:37:53 --> Session: Class initialized using 'CodeIgniter\Session\Handlers\FileHandler' driver.
INFO - 2024-01-28 14:44:52 --> Session: Class initialized using 'CodeIgniter\Session\Handlers\FileHandler' driver.
INFO - 2024-01-28 14:44:58 --> Session: Class initialized using 'CodeIgniter\Session\Handlers\FileHandler' driver.
INFO - 2024-01-28 14:45:03 --> Session: Class initialized using 'CodeIgniter\Session\Handlers\FileHandler' driver.
INFO - 2024-01-28 14:45:13 --> Session: Class initialized using 'CodeIgniter\Session\Handlers\FileHandler' driver.
INFO - 2024-01-28 14:49:00 --> Session: Class initialized using 'CodeIgniter\Session\Handlers\FileHandler' driver.
INFO - 2024-01-28 14:49:54 --> Session: Class initialized using 'CodeIgniter\Session\Handlers\FileHandler' driver.
INFO - 2024-01-28 14:50:03 --> Session: Class initialized using 'CodeIgniter\Session\Handlers\FileHandler' driver.
INFO - 2024-01-28 14:50:11 --> Session: Class initialized using 'CodeIgniter\Session\Handlers\FileHandler' driver.
INFO - 2024-01-28 14:50:27 --> Session: Class initialized using 'CodeIgniter\Session\Handlers\FileHandler' driver.
INFO - 2024-01-28 14:50:35 --> Session: Class initialized using 'CodeIgniter\Session\Handlers\FileHandler' driver.
INFO - 2024-01-28 14:50:48 --> Session: Class initialized using 'CodeIgniter\Session\Handlers\FileHandler' driver.
INFO - 2024-01-28 14:51:17 --> Session: Class initialized using 'CodeIgniter\Session\Handlers\FileHandler' driver.
INFO - 2024-01-28 14:53:17 --> Session: Class initialized using 'CodeIgniter\Session\Handlers\FileHandler' driver.
INFO - 2024-01-28 14:56:07 --> Session: Class initialized using 'CodeIgniter\Session\Handlers\FileHandler' driver.
INFO - 2024-01-28 14:56:18 --> Session: Class initialized using 'CodeIgniter\Session\Handlers\FileHandler' driver.
INFO - 2024-01-28 14:56:35 --> Session: Class initialized using 'CodeIgniter\Session\Handlers\FileHandler' driver.
INFO - 2024-01-28 14:57:08 --> Session: Class initialized using 'CodeIgniter\Session\Handlers\FileHandler' driver.
INFO - 2024-01-28 14:57:24 --> Session: Class initialized using 'CodeIgniter\Session\Handlers\FileHandler' driver.
INFO - 2024-01-28 14:58:39 --> Session: Class initialized using 'CodeIgniter\Session\Handlers\FileHandler' driver.
INFO - 2024-01-28 15:00:21 --> Session: Class initialized using 'CodeIgniter\Session\Handlers\FileHandler' driver.
INFO - 2024-01-28 15:00:38 --> Session: Class initialized using 'CodeIgniter\Session\Handlers\FileHandler' driver.
ERROR - 2024-01-28 15:12:24 --> Error connecting to the database: mysqli_sql_exception: Unknown database 'dbprjweb2' in C:\Users\Windows 10\Documents\SEMESTER-5\prjwebRetalMobil\system\Database\MySQLi\Connection.php:184
Stack trace:
#0 C:\Users\Windows 10\Documents\SEMESTER-5\prjwebRetalMobil\system\Database\MySQLi\Connection.php(184): mysqli->real_connect('localhost', 'root', Object(SensitiveParameterValue), 'dbprjweb2', 3306, '', 0)
#1 C:\Users\Windows 10\Documents\SEMESTER-5\prjwebRetalMobil\system\Database\BaseConnection.php(391): CodeIgniter\Database\MySQLi\Connection->connect(false)
#2 C:\Users\Windows 10\Documents\SEMESTER-5\prjwebRetalMobil\system\Database\BaseConnection.php(574): CodeIgniter\Database\BaseConnection->initialize()
#3 C:\Users\Windows 10\Documents\SEMESTER-5\prjwebRetalMobil\system\Database\BaseBuilder.php(1615): CodeIgniter\Database\BaseConnection->query('SELECT *\nFROM `...', Array, false)
#4 C:\Users\Windows 10\Documents\SEMESTER-5\prjwebRetalMobil\app\Models\ModelPeminjaman.php(14): CodeIgniter\Database\BaseBuilder->get()
#5 C:\Users\Windows 10\Documents\SEMESTER-5\prjwebRetalMobil\app\Controllers\Peminjaman.php(12): App\Models\ModelPeminjaman->getPeminjaman()
#6 C:\Users\Windows 10\Documents\SEMESTER-5\prjwebRetalMobil\system\CodeIgniter.php(919): App\Controllers\Peminjaman->index()
#7 C:\Users\Windows 10\Documents\SEMESTER-5\prjwebRetalMobil\system\CodeIgniter.php(494): CodeIgniter\CodeIgniter->runController(Object(App\Controllers\Peminjaman))
#8 C:\Users\Windows 10\Documents\SEMESTER-5\prjwebRetalMobil\system\CodeIgniter.php(353): CodeIgniter\CodeIgniter->handleRequest(NULL, Object(Config\Cache), false)
#9 C:\Users\Windows 10\Documents\SEMESTER-5\prjwebRetalMobil\public\index.php(79): CodeIgniter\CodeIgniter->run()
#10 C:\Users\Windows 10\Documents\SEMESTER-5\prjwebRetalMobil\system\Commands\Server\rewrite.php(47): require_once('C:\\Users\\Window...')
#11 {main}

Next CodeIgniter\Database\Exceptions\DatabaseException: Unknown database 'dbprjweb2' in C:\Users\Windows 10\Documents\SEMESTER-5\prjwebRetalMobil\system\Database\MySQLi\Connection.php:229
Stack trace:
#0 C:\Users\Windows 10\Documents\SEMESTER-5\prjwebRetalMobil\system\Database\BaseConnection.php(391): CodeIgniter\Database\MySQLi\Connection->connect(false)
#1 C:\Users\Windows 10\Documents\SEMESTER-5\prjwebRetalMobil\system\Database\BaseConnection.php(574): CodeIgniter\Database\BaseConnection->initialize()
#2 C:\Users\Windows 10\Documents\SEMESTER-5\prjwebRetalMobil\system\Database\BaseBuilder.php(1615): CodeIgniter\Database\BaseConnection->query('SELECT *\nFROM `...', Array, false)
#3 C:\Users\Windows 10\Documents\SEMESTER-5\prjwebRetalMobil\app\Models\ModelPeminjaman.php(14): CodeIgniter\Database\BaseBuilder->get()
#4 C:\Users\Windows 10\Documents\SEMESTER-5\prjwebRetalMobil\app\Controllers\Peminjaman.php(12): App\Models\ModelPeminjaman->getPeminjaman()
#5 C:\Users\Windows 10\Documents\SEMESTER-5\prjwebRetalMobil\system\CodeIgniter.php(919): App\Controllers\Peminjaman->index()
#6 C:\Users\Windows 10\Documents\SEMESTER-5\prjwebRetalMobil\system\CodeIgniter.php(494): CodeIgniter\CodeIgniter->runController(Object(App\Controllers\Peminjaman))
#7 C:\Users\Windows 10\Documents\SEMESTER-5\prjwebRetalMobil\system\CodeIgniter.php(353): CodeIgniter\CodeIgniter->handleRequest(NULL, Object(Config\Cache), false)
#8 C:\Users\Windows 10\Documents\SEMESTER-5\prjwebRetalMobil\public\index.php(79): CodeIgniter\CodeIgniter->run()
#9 C:\Users\Windows 10\Documents\SEMESTER-5\prjwebRetalMobil\system\Commands\Server\rewrite.php(47): require_once('C:\\Users\\Window...')
#10 {main}
CRITICAL - 2024-01-28 15:12:24 --> Unable to connect to the database.
Main connection [MySQLi]: Unknown database 'dbprjweb2'
in SYSTEMPATH\Database\BaseConnection.php on line 427.
 1 SYSTEMPATH\Database\BaseConnection.php(574): CodeIgniter\Database\BaseConnection->initialize()
 2 SYSTEMPATH\Database\BaseBuilder.php(1615): CodeIgniter\Database\BaseConnection->query('SELECT *
FROM `tbl_peminjaman`
JOIN `tbl_pelanggan` ON `id_pelanggan`=`id`
JOIN `tbl_mobil` ON `id_mobil`=`id_mobil1`', [], false)
 3 APPPATH\Models\ModelPeminjaman.php(14): CodeIgniter\Database\BaseBuilder->get()
 4 APPPATH\Controllers\Peminjaman.php(12): App\Models\ModelPeminjaman->getPeminjaman()
 5 SYSTEMPATH\CodeIgniter.php(919): App\Controllers\Peminjaman->index()
 6 SYSTEMPATH\CodeIgniter.php(494): CodeIgniter\CodeIgniter->runController(Object(App\Controllers\Peminjaman))
 7 SYSTEMPATH\CodeIgniter.php(353): CodeIgniter\CodeIgniter->handleRequest(null, Object(Config\Cache), false)
 8 FCPATH\index.php(79): CodeIgniter\CodeIgniter->run()
 9 SYSTEMPATH\Commands\Server\rewrite.php(47): require_once('C:\\Users\\Windows 10\\Documents\\SEMESTER-5\\prjwebRetalMobil\\public\\index.php')
INFO - 2024-01-28 15:12:29 --> Session: Class initialized using 'CodeIgniter\Session\Handlers\FileHandler' driver.
INFO - 2024-01-28 15:12:29 --> Session: Class initialized using 'CodeIgniter\Session\Handlers\FileHandler' driver.
ERROR - 2024-01-28 15:12:32 --> Error connecting to the database: mysqli_sql_exception: Unknown database 'dbprjweb2' in C:\Users\Windows 10\Documents\SEMESTER-5\prjwebRetalMobil\system\Database\MySQLi\Connection.php:184
Stack trace:
#0 C:\Users\Windows 10\Documents\SEMESTER-5\prjwebRetalMobil\system\Database\MySQLi\Connection.php(184): mysqli->real_connect('localhost', 'root', Object(SensitiveParameterValue), 'dbprjweb2', 3306, '', 0)
#1 C:\Users\Windows 10\Documents\SEMESTER-5\prjwebRetalMobil\system\Database\BaseConnection.php(391): CodeIgniter\Database\MySQLi\Connection->connect(false)
#2 C:\Users\Windows 10\Documents\SEMESTER-5\prjwebRetalMobil\system\Database\BaseConnection.php(574): CodeIgniter\Database\BaseConnection->initialize()
#3 C:\Users\Windows 10\Documents\SEMESTER-5\prjwebRetalMobil\system\Database\BaseBuilder.php(1615): CodeIgniter\Database\BaseConnection->query('SELECT *\nFROM `...', Array, false)
#4 C:\Users\Windows 10\Documents\SEMESTER-5\prjwebRetalMobil\app\Models\ModelPeminjaman.php(14): CodeIgniter\Database\BaseBuilder->get()
#5 C:\Users\Windows 10\Documents\SEMESTER-5\prjwebRetalMobil\app\Controllers\Peminjaman.php(12): App\Models\ModelPeminjaman->getPeminjaman()
#6 C:\Users\Windows 10\Documents\SEMESTER-5\prjwebRetalMobil\system\CodeIgniter.php(919): App\Controllers\Peminjaman->index()
#7 C:\Users\Windows 10\Documents\SEMESTER-5\prjwebRetalMobil\system\CodeIgniter.php(494): CodeIgniter\CodeIgniter->runController(Object(App\Controllers\Peminjaman))
#8 C:\Users\Windows 10\Documents\SEMESTER-5\prjwebRetalMobil\system\CodeIgniter.php(353): CodeIgniter\CodeIgniter->handleRequest(NULL, Object(Config\Cache), false)
#9 C:\Users\Windows 10\Documents\SEMESTER-5\prjwebRetalMobil\public\index.php(79): CodeIgniter\CodeIgniter->run()
#10 C:\Users\Windows 10\Documents\SEMESTER-5\prjwebRetalMobil\system\Commands\Server\rewrite.php(47): require_once('C:\\Users\\Window...')
#11 {main}

Next CodeIgniter\Database\Exceptions\DatabaseException: Unknown database 'dbprjweb2' in C:\Users\Windows 10\Documents\SEMESTER-5\prjwebRetalMobil\system\Database\MySQLi\Connection.php:229
Stack trace:
#0 C:\Users\Windows 10\Documents\SEMESTER-5\prjwebRetalMobil\system\Database\BaseConnection.php(391): CodeIgniter\Database\MySQLi\Connection->connect(false)
#1 C:\Users\Windows 10\Documents\SEMESTER-5\prjwebRetalMobil\system\Database\BaseConnection.php(574): CodeIgniter\Database\BaseConnection->initialize()
#2 C:\Users\Windows 10\Documents\SEMESTER-5\prjwebRetalMobil\system\Database\BaseBuilder.php(1615): CodeIgniter\Database\BaseConnection->query('SELECT *\nFROM `...', Array, false)
#3 C:\Users\Windows 10\Documents\SEMESTER-5\prjwebRetalMobil\app\Models\ModelPeminjaman.php(14): CodeIgniter\Database\BaseBuilder->get()
#4 C:\Users\Windows 10\Documents\SEMESTER-5\prjwebRetalMobil\app\Controllers\Peminjaman.php(12): App\Models\ModelPeminjaman->getPeminjaman()
#5 C:\Users\Windows 10\Documents\SEMESTER-5\prjwebRetalMobil\system\CodeIgniter.php(919): App\Controllers\Peminjaman->index()
#6 C:\Users\Windows 10\Documents\SEMESTER-5\prjwebRetalMobil\system\CodeIgniter.php(494): CodeIgniter\CodeIgniter->runController(Object(App\Controllers\Peminjaman))
#7 C:\Users\Windows 10\Documents\SEMESTER-5\prjwebRetalMobil\system\CodeIgniter.php(353): CodeIgniter\CodeIgniter->handleRequest(NULL, Object(Config\Cache), false)
#8 C:\Users\Windows 10\Documents\SEMESTER-5\prjwebRetalMobil\public\index.php(79): CodeIgniter\CodeIgniter->run()
#9 C:\Users\Windows 10\Documents\SEMESTER-5\prjwebRetalMobil\system\Commands\Server\rewrite.php(47): require_once('C:\\Users\\Window...')
#10 {main}
CRITICAL - 2024-01-28 15:12:32 --> Unable to connect to the database.
Main connection [MySQLi]: Unknown database 'dbprjweb2'
in SYSTEMPATH\Database\BaseConnection.php on line 427.
 1 SYSTEMPATH\Database\BaseConnection.php(574): CodeIgniter\Database\BaseConnection->initialize()
 2 SYSTEMPATH\Database\BaseBuilder.php(1615): CodeIgniter\Database\BaseConnection->query('SELECT *
FROM `tbl_peminjaman`
JOIN `tbl_pelanggan` ON `id_pelanggan`=`id`
JOIN `tbl_mobil` ON `id_mobil`=`id_mobil1`', [], false)
 3 APPPATH\Models\ModelPeminjaman.php(14): CodeIgniter\Database\BaseBuilder->get()
 4 APPPATH\Controllers\Peminjaman.php(12): App\Models\ModelPeminjaman->getPeminjaman()
 5 SYSTEMPATH\CodeIgniter.php(919): App\Controllers\Peminjaman->index()
 6 SYSTEMPATH\CodeIgniter.php(494): CodeIgniter\CodeIgniter->runController(Object(App\Controllers\Peminjaman))
 7 SYSTEMPATH\CodeIgniter.php(353): CodeIgniter\CodeIgniter->handleRequest(null, Object(Config\Cache), false)
 8 FCPATH\index.php(79): CodeIgniter\CodeIgniter->run()
 9 SYSTEMPATH\Commands\Server\rewrite.php(47): require_once('C:\\Users\\Windows 10\\Documents\\SEMESTER-5\\prjwebRetalMobil\\public\\index.php')
INFO - 2024-01-28 15:12:50 --> Session: Class initialized using 'CodeIgniter\Session\Handlers\FileHandler' driver.
INFO - 2024-01-28 15:18:08 --> Session: Class initialized using 'CodeIgniter\Session\Handlers\FileHandler' driver.
ERROR - 2024-01-28 15:18:19 --> Error connecting to the database: mysqli_sql_exception: Unknown database 'dbprjweb2' in C:\Users\Windows 10\Documents\SEMESTER-5\prjwebRetalMobil\system\Database\MySQLi\Connection.php:184
Stack trace:
#0 C:\Users\Windows 10\Documents\SEMESTER-5\prjwebRetalMobil\system\Database\MySQLi\Connection.php(184): mysqli->real_connect('localhost', 'root', Object(SensitiveParameterValue), 'dbprjweb2', 3306, '', 0)
#1 C:\Users\Windows 10\Documents\SEMESTER-5\prjwebRetalMobil\system\Database\BaseConnection.php(391): CodeIgniter\Database\MySQLi\Connection->connect(false)
#2 C:\Users\Windows 10\Documents\SEMESTER-5\prjwebRetalMobil\system\Database\BaseConnection.php(574): CodeIgniter\Database\BaseConnection->initialize()
#3 C:\Users\Windows 10\Documents\SEMESTER-5\prjwebRetalMobil\system\Database\BaseBuilder.php(1615): CodeIgniter\Database\BaseConnection->query('SELECT *\nFROM `...', Array, false)
#4 C:\Users\Windows 10\Documents\SEMESTER-5\prjwebRetalMobil\app\Models\ModelPeminjaman.php(14): CodeIgniter\Database\BaseBuilder->get()
#5 C:\Users\Windows 10\Documents\SEMESTER-5\prjwebRetalMobil\app\Controllers\Peminjaman.php(12): App\Models\ModelPeminjaman->getPeminjaman()
#6 C:\Users\Windows 10\Documents\SEMESTER-5\prjwebRetalMobil\system\CodeIgniter.php(919): App\Controllers\Peminjaman->index()
#7 C:\Users\Windows 10\Documents\SEMESTER-5\prjwebRetalMobil\system\CodeIgniter.php(494): CodeIgniter\CodeIgniter->runController(Object(App\Controllers\Peminjaman))
#8 C:\Users\Windows 10\Documents\SEMESTER-5\prjwebRetalMobil\system\CodeIgniter.php(353): CodeIgniter\CodeIgniter->handleRequest(NULL, Object(Config\Cache), false)
#9 C:\Users\Windows 10\Documents\SEMESTER-5\prjwebRetalMobil\public\index.php(79): CodeIgniter\CodeIgniter->run()
#10 C:\Users\Windows 10\Documents\SEMESTER-5\prjwebRetalMobil\system\Commands\Server\rewrite.php(47): require_once('C:\\Users\\Window...')
#11 {main}

Next CodeIgniter\Database\Exceptions\DatabaseException: Unknown database 'dbprjweb2' in C:\Users\Windows 10\Documents\SEMESTER-5\prjwebRetalMobil\system\Database\MySQLi\Connection.php:229
Stack trace:
#0 C:\Users\Windows 10\Documents\SEMESTER-5\prjwebRetalMobil\system\Database\BaseConnection.php(391): CodeIgniter\Database\MySQLi\Connection->connect(false)
#1 C:\Users\Windows 10\Documents\SEMESTER-5\prjwebRetalMobil\system\Database\BaseConnection.php(574): CodeIgniter\Database\BaseConnection->initialize()
#2 C:\Users\Windows 10\Documents\SEMESTER-5\prjwebRetalMobil\system\Database\BaseBuilder.php(1615): CodeIgniter\Database\BaseConnection->query('SELECT *\nFROM `...', Array, false)
#3 C:\Users\Windows 10\Documents\SEMESTER-5\prjwebRetalMobil\app\Models\ModelPeminjaman.php(14): CodeIgniter\Database\BaseBuilder->get()
#4 C:\Users\Windows 10\Documents\SEMESTER-5\prjwebRetalMobil\app\Controllers\Peminjaman.php(12): App\Models\ModelPeminjaman->getPeminjaman()
#5 C:\Users\Windows 10\Documents\SEMESTER-5\prjwebRetalMobil\system\CodeIgniter.php(919): App\Controllers\Peminjaman->index()
#6 C:\Users\Windows 10\Documents\SEMESTER-5\prjwebRetalMobil\system\CodeIgniter.php(494): CodeIgniter\CodeIgniter->runController(Object(App\Controllers\Peminjaman))
#7 C:\Users\Windows 10\Documents\SEMESTER-5\prjwebRetalMobil\system\CodeIgniter.php(353): CodeIgniter\CodeIgniter->handleRequest(NULL, Object(Config\Cache), false)
#8 C:\Users\Windows 10\Documents\SEMESTER-5\prjwebRetalMobil\public\index.php(79): CodeIgniter\CodeIgniter->run()
#9 C:\Users\Windows 10\Documents\SEMESTER-5\prjwebRetalMobil\system\Commands\Server\rewrite.php(47): require_once('C:\\Users\\Window...')
#10 {main}
CRITICAL - 2024-01-28 15:18:19 --> Unable to connect to the database.
Main connection [MySQLi]: Unknown database 'dbprjweb2'
in SYSTEMPATH\Database\BaseConnection.php on line 427.
 1 SYSTEMPATH\Database\BaseConnection.php(574): CodeIgniter\Database\BaseConnection->initialize()
 2 SYSTEMPATH\Database\BaseBuilder.php(1615): CodeIgniter\Database\BaseConnection->query('SELECT *
FROM `tbl_peminjaman`
JOIN `tbl_pelanggan` ON `id_pelanggan`=`id`
JOIN `tbl_mobil` ON `id_mobil`=`id_mobil1`', [], false)
 3 APPPATH\Models\ModelPeminjaman.php(14): CodeIgniter\Database\BaseBuilder->get()
 4 APPPATH\Controllers\Peminjaman.php(12): App\Models\ModelPeminjaman->getPeminjaman()
 5 SYSTEMPATH\CodeIgniter.php(919): App\Controllers\Peminjaman->index()
 6 SYSTEMPATH\CodeIgniter.php(494): CodeIgniter\CodeIgniter->runController(Object(App\Controllers\Peminjaman))
 7 SYSTEMPATH\CodeIgniter.php(353): CodeIgniter\CodeIgniter->handleRequest(null, Object(Config\Cache), false)
 8 FCPATH\index.php(79): CodeIgniter\CodeIgniter->run()
 9 SYSTEMPATH\Commands\Server\rewrite.php(47): require_once('C:\\Users\\Windows 10\\Documents\\SEMESTER-5\\prjwebRetalMobil\\public\\index.php')
INFO - 2024-01-28 15:19:44 --> Session: Class initialized using 'CodeIgniter\Session\Handlers\FileHandler' driver.
INFO - 2024-01-28 15:19:52 --> Session: Class initialized using 'CodeIgniter\Session\Handlers\FileHandler' driver.
